File exists. Processing now
COUNT = 1File not foundFile exists. Processing now
COUNT = 1File not foundFile exists. Processing now
COUNT = 1File not foundFile exists. Processing now
COUNT = 1File exists. Processing now
COUNT = 1
 Getting flavorAssets for 1_4lpzzkyw
 Source Flavor not found for 1_4lpzzkyw
 Finished Operating  1_4lpzzkyw 
Finished DeletingFile exists. Processing now
COUNT = 1
 Getting flavorAssets for 1_4lpzzkyw
 Source Flavor not found for 1_4lpzzkyw
 Finished Operating  1_4lpzzkyw 
Finished DeletingFile exists. Processing now
COUNT = 1
 Getting flavorAssets for 1_cqq3l7w6File exists. Processing now
COUNT = 1
 Getting flavorAssets for 1_cqq3l7w6SSSSFile exists. Processing now
COUNT = 1
 Getting flavorAssets for 1_cqq3l7w6SSSS
XXXXXXXFile exists. Processing now
COUNT = 1
 Getting flavorAssets for 1_cqq3l7w6SSSS
XXXXXXX 1_9rjnfai7File exists. Processing now
COUNT = 1
 Getting flavorAssets for 1_cqq3l7w6SSSS
XXXXXXX 1_9rjnfai7File exists. Processing now
COUNT = 1
 Getting flavorAssets for 1_cqq3l7w6SSSS
XXXXXXX 1_9rjnfai7
 Deleted 1_9rjnfai7 with source for 1_cqq3l7w6
 Finished Operating  1_cqq3l7w6 
Finished DeletingFile exists. Processing now
COUNT = 1
 Getting flavorAssets for 1_cqq3l7w6
 Source Flavor not found for 1_cqq3l7w6
 Finished Operating  1_cqq3l7w6 
Finished DeletingFile exists. Processing now
COUNT = 1
 Getting flavorAssets for 1_cqq3l7w6
 Source Flavor not found for 1_cqq3l7w6
 Finished Operating  1_cqq3l7w6 
Finished DeletingFile exists. Processing now
COUNT = 1
 Getting flavorAssets for 1_cqq3l7w6
 Source Flavor not found for 1_cqq3l7w6
 Finished Operating  1_cqq3l7w6 
Finished DeletingFile exists. Processing now
COUNT = 1
 Getting flavorAssets for 1_zjmyl5ev
 Deleted 1_oxssl9su with source,web for 1_zjmyl5ev
 Finished Operating  1_zjmyl5ev 
Finished DeletingFile exists. Processing now
COUNT = 1
 Getting flavorAssets for 1_lruezuc8
 Deleted 1_oh6hji58 with source for 1_lruezuc8
 Finished Operating  1_lruezuc8 
Finished Deleting