File exists. Processing now
COUNT = 1
 Starting Redistribution for 1_0k8n5l0q
 Distribution Found, So just doing a EntryDistribution.submitUpdate  1_0k8n5l0q 
Finished Working on the entry 1_0k8n5l0qFile exists. Processing now
COUNT = 1
 Starting Redistribution for 1_gfjoptfo
 Entry Distribution not found for 1_gfjoptfo, So Doing EntryDistribution.add and EntryDistribution.submitAdd File exists. Processing now
COUNT = 1
 Starting Redistribution for 1_gfjoptfo
 Entry Distribution not found for 1_gfjoptfo, So Doing EntryDistribution.add and EntryDistribution.submitAdd File exists. Processing now
COUNT = 1
 Starting Redistribution for 1_gfjoptfo
 Distribution Found, So just doing a EntryDistribution.submitUpdate  1_gfjoptfo 
 Entry Distribution failed 1_gfjoptfo ... Retrying..
Finished Working on the entry 1_gfjoptfoFile exists. Processing now
COUNT = 1
 Starting Redistribution for 1_s8jhfy7t
 Entry Distribution not found for 1_s8jhfy7t, So Doing EntryDistribution.add and EntryDistribution.submitAdd File exists. Processing now
COUNT = 1
 Starting Redistribution for 1_s8jhfy7t
 Entry Distribution not found for 1_s8jhfy7t, So Doing EntryDistribution.add and EntryDistribution.submitAdd File exists. Processing now
COUNT = 1
 Starting Redistribution for 1_s8jhfy7t
 Entry Distribution not found for 1_s8jhfy7t, So Doing EntryDistribution.add and EntryDistribution.submitAdd File exists. Processing now
COUNT = 1
 Starting Redistribution for 1_s8jhfy7t
 Entry Distribution not found for 1_s8jhfy7t, So Doing EntryDistribution.add and EntryDistribution.submitAdd 
Finished Working on the entry 1_s8jhfy7tFile exists. Processing now
COUNT = 1
 Starting Redistribution for 1_3mlast89
 Entry Distribution not found for 1_3mlast89, So Doing EntryDistribution.add and EntryDistribution.submitAdd 
Finished Working on the entry 1_3mlast89File exists. Processing now
COUNT = 195
 Starting Redistribution for 1_y6j0vjyb
 Entry Distribution not found for 1_y6j0vjyb, So Doing EntryDistribution.add and EntryDistribution.submitAdd 
 Starting Redistribution for 1_kzrpqqze
 Entry Distribution not found for 1_kzrpqqze, So Doing EntryDistribution.add and EntryDistribution.submitAdd 
 Starting Redistribution for 1_zjtfpg03
 Entry Distribution not found for 1_zjtfpg03, So Doing EntryDistribution.add and EntryDistribution.submitAdd 
 Starting Redistribution for 1_90engqzq
 Entry Distribution not found for 1_90engqzq, So Doing EntryDistribution.add and EntryDistribution.submitAdd 
 Starting Redistribution for 1_17jncddv
 Entry Distribution not found for 1_17jncddv, So Doing EntryDistribution.add and EntryDistribution.submitAdd 
 Starting Redistribution for 1_ks2a1fjz
 Entry Distribution not found for 1_ks2a1fjz, So Doing EntryDistribution.add and EntryDistribution.submitAdd 
 Starting Redistribution for 1_bu5sh73s
 Entry Distribution not found for 1_bu5sh73s, So Doing EntryDistribution.add and EntryDistribution.submitAdd 
 Starting Redistribution for 1_06t8lhdn
 Entry Distribution not found for 1_06t8lhdn, So Doing EntryDistribution.add and EntryDistribution.submitAdd 
 Starting Redistribution for 1_jn4v9z9t
 Entry Distribution not found for 1_jn4v9z9t, So Doing EntryDistribution.add and EntryDistribution.submitAdd 
 Starting Redistribution for 1_goqwg3kc
 Entry Distribution not found for 1_goqwg3kc, So Doing EntryDistribution.add and EntryDistribution.submitAdd 
 Starting Redistribution for 1_leb06fjv
 Entry Distribution not found for 1_leb06fjv, So Doing EntryDistribution.add and EntryDistribution.submitAdd 
 Starting Redistribution for 1_21b7uhy2
 Entry Distribution not found for 1_21b7uhy2, So Doing EntryDistribution.add and EntryDistribution.submitAdd 
 Starting Redistribution for 1_8vrd3lij
 Entry Distribution not found for 1_8vrd3lij, So Doing EntryDistribution.add and EntryDistribution.submitAdd 
 Starting Redistribution for 1_2ny794uo
 Entry Distribution not found for 1_2ny794uo, So Doing EntryDistribution.add and EntryDistribution.submitAdd 
 Starting Redistribution for 1_edja2il3
 Entry Distribution not found for 1_edja2il3, So Doing EntryDistribution.add and EntryDistribution.submitAdd 
 Starting Redistribution for 1_czl9h2q5
 Entry Distribution not found for 1_czl9h2q5, So Doing EntryDistribution.add and EntryDistribution.submitAdd 
 Starting Redistribution for 1_bj501lyv
 Entry Distribution not found for 1_bj501lyv, So Doing EntryDistribution.add and EntryDistribution.submitAdd 
 Starting Redistribution for 1_mhwa47lp
 Entry Distribution not found for 1_mhwa47lp, So Doing EntryDistribution.add and EntryDistribution.submitAdd 
 Starting Redistribution for 1_81y97tl0
 Entry Distribution not found for 1_81y97tl0, So Doing EntryDistribution.add and EntryDistribution.submitAdd 
 Starting Redistribution for 1_l8qpd7y6
 Entry Distribution not found for 1_l8qpd7y6, So Doing EntryDistribution.add and EntryDistribution.submitAdd 
 Starting Redistribution for 1_g12wgjvm
 Entry Distribution not found for 1_g12wgjvm, So Doing EntryDistribution.add and EntryDistribution.submitAdd 
 Starting Redistribution for 1_2e00t80y
 Entry Distribution not found for 1_2e00t80y, So Doing EntryDistribution.add and EntryDistribution.submitAdd 
 Starting Redistribution for 1_ukhghu26
 Entry Distribution not found for 1_ukhghu26, So Doing EntryDistribution.add and EntryDistribution.submitAdd 
 Starting Redistribution for 1_rjh00o7j
 Entry Distribution not found for 1_rjh00o7j, So Doing EntryDistribution.add and EntryDistribution.submitAdd 
 Starting Redistribution for 1_niayq8a5
 Entry Distribution not found for 1_niayq8a5, So Doing EntryDistribution.add and EntryDistribution.submitAdd 
 Starting Redistribution for 1_ryn29jdw
 Entry Distribution not found for 1_ryn29jdw, So Doing EntryDistribution.add and EntryDistribution.submitAdd 
 Starting Redistribution for 1_829wh7i5
 Entry Distribution not found for 1_829wh7i5, So Doing EntryDistribution.add and EntryDistribution.submitAdd 
 Starting Redistribution for 1_xh58sig3
 Entry Distribution not found for 1_xh58sig3, So Doing EntryDistribution.add and EntryDistribution.submitAdd 
 Starting Redistribution for 1_p807c2lo
 Entry Distribution not found for 1_p807c2lo, So Doing EntryDistribution.add and EntryDistribution.submitAdd 
 Starting Redistribution for 1_yk1z8zu5
 Entry Distribution not found for 1_yk1z8zu5, So Doing EntryDistribution.add and EntryDistribution.submitAdd 
 Starting Redistribution for 1_ur784e8o
 Entry Distribution not found for 1_ur784e8o, So Doing EntryDistribution.add and EntryDistribution.submitAdd 
 Starting Redistribution for 1_iz2wxzgx
 Entry Distribution not found for 1_iz2wxzgx, So Doing EntryDistribution.add and EntryDistribution.submitAdd 
 Starting Redistribution for 1_nb7mssr4
 Entry Distribution not found for 1_nb7mssr4, So Doing EntryDistribution.add and EntryDistribution.submitAdd 
 Starting Redistribution for 1_sd9ogfri
 Entry Distribution not found for 1_sd9ogfri, So Doing EntryDistribution.add and EntryDistribution.submitAdd 
 Starting Redistribution for 1_5d64nbv2
 Entry Distribution not found for 1_5d64nbv2, So Doing EntryDistribution.add and EntryDistribution.submitAdd 
 Starting Redistribution for 1_j7n77gkc
 Entry Distribution not found for 1_j7n77gkc, So Doing EntryDistribution.add and EntryDistribution.submitAdd 
 Starting Redistribution for 1_iaelq7k5
 Entry Distribution not found for 1_iaelq7k5, So Doing EntryDistribution.add and EntryDistribution.submitAdd 
 Starting Redistribution for 1_6fshu33r
 Entry Distribution not found for 1_6fshu33r, So Doing EntryDistribution.add and EntryDistribution.submitAdd 
 Starting Redistribution for 1_6tuc3qzf
 Entry Distribution not found for 1_6tuc3qzf, So Doing EntryDistribution.add and EntryDistribution.submitAdd 
 Starting Redistribution for 1_tajjr5jt
 Entry Distribution not found for 1_tajjr5jt, So Doing EntryDistribution.add and EntryDistribution.submitAdd 
 Starting Redistribution for 1_wiunpy7s
 Entry Distribution not found for 1_wiunpy7s, So Doing EntryDistribution.add and EntryDistribution.submitAdd 
 Starting Redistribution for 1_kar98r0x
 Entry Distribution not found for 1_kar98r0x, So Doing EntryDistribution.add and EntryDistribution.submitAdd 
 Starting Redistribution for 1_ig6fnm5g
 Entry Distribution not found for 1_ig6fnm5g, So Doing EntryDistribution.add and EntryDistribution.submitAdd 
 Starting Redistribution for 1_65dcwek9
 Entry Distribution not found for 1_65dcwek9, So Doing EntryDistribution.add and EntryDistribution.submitAdd 
 Starting Redistribution for 1_gpi4v5qn
 Entry Distribution not found for 1_gpi4v5qn, So Doing EntryDistribution.add and EntryDistribution.submitAdd 
 Starting Redistribution for 1_9i27wrcz
 Entry Distribution not found for 1_9i27wrcz, So Doing EntryDistribution.add and EntryDistribution.submitAdd 
 Starting Redistribution for 1_9srurtmg
 Entry Distribution not found for 1_9srurtmg, So Doing EntryDistribution.add and EntryDistribution.submitAdd 
 Starting Redistribution for 1_meb8nl82
 Entry Distribution not found for 1_meb8nl82, So Doing EntryDistribution.add and EntryDistribution.submitAdd 
 Starting Redistribution for 1_bdj04ljy
 Entry Distribution not found for 1_bdj04ljy, So Doing EntryDistribution.add and EntryDistribution.submitAdd 
 Starting Redistribution for 1_bux0nyct
 Entry Distribution not found for 1_bux0nyct, So Doing EntryDistribution.add and EntryDistribution.submitAdd 
 Starting Redistribution for 1_4fc3ux9b
 Entry Distribution not found for 1_4fc3ux9b, So Doing EntryDistribution.add and EntryDistribution.submitAdd 
 Starting Redistribution for 1_uulnd0co
 Entry Distribution not found for 1_uulnd0co, So Doing EntryDistribution.add and EntryDistribution.submitAdd 
 Starting Redistribution for 1_3g10c5mu
 Entry Distribution not found for 1_3g10c5mu, So Doing EntryDistribution.add and EntryDistribution.submitAdd 
 Starting Redistribution for 1_la1e3407
 Entry Distribution not found for 1_la1e3407, So Doing EntryDistribution.add and EntryDistribution.submitAdd 
 Starting Redistribution for 1_0zin12yz
 Entry Distribution not found for 1_0zin12yz, So Doing EntryDistribution.add and EntryDistribution.submitAdd 
 Starting Redistribution for 1_2f0do6nv
 Entry Distribution not found for 1_2f0do6nv, So Doing EntryDistribution.add and EntryDistribution.submitAdd 
 Starting Redistribution for 1_j2y7e4oe
 Entry Distribution not found for 1_j2y7e4oe, So Doing EntryDistribution.add and EntryDistribution.submitAdd 
 Starting Redistribution for 1_0q1iji2j
 Entry Distribution not found for 1_0q1iji2j, So Doing EntryDistribution.add and EntryDistribution.submitAdd 
 Starting Redistribution for 1_le3pvoqv
 Entry Distribution not found for 1_le3pvoqv, So Doing EntryDistribution.add and EntryDistribution.submitAdd 
 Starting Redistribution for 1_ujllzg4p
 Entry Distribution not found for 1_ujllzg4p, So Doing EntryDistribution.add and EntryDistribution.submitAdd 
 Starting Redistribution for 1_wutn1el1
 Entry Distribution not found for 1_wutn1el1, So Doing EntryDistribution.add and EntryDistribution.submitAdd 
 Starting Redistribution for 1_ggpk3rqi
 Entry Distribution not found for 1_ggpk3rqi, So Doing EntryDistribution.add and EntryDistribution.submitAdd 
 Starting Redistribution for 1_o07epqge
 Entry Distribution not found for 1_o07epqge, So Doing EntryDistribution.add and EntryDistribution.submitAdd 
 Starting Redistribution for 1_jsyjz095
 Entry Distribution not found for 1_jsyjz095, So Doing EntryDistribution.add and EntryDistribution.submitAdd 
 Starting Redistribution for 1_io0cqclj
 Entry Distribution not found for 1_io0cqclj, So Doing EntryDistribution.add and EntryDistribution.submitAdd 
 Starting Redistribution for 1_iprfw3st
 Entry Distribution not found for 1_iprfw3st, So Doing EntryDistribution.add and EntryDistribution.submitAdd 
 Starting Redistribution for 1_s0sgnqvq
 Entry Distribution not found for 1_s0sgnqvq, So Doing EntryDistribution.add and EntryDistribution.submitAdd 
 Starting Redistribution for 1_y48u3ald
 Entry Distribution not found for 1_y48u3ald, So Doing EntryDistribution.add and EntryDistribution.submitAdd 
 Starting Redistribution for 1_0lm5p59o
 Entry Distribution not found for 1_0lm5p59o, So Doing EntryDistribution.add and EntryDistribution.submitAdd 
 Starting Redistribution for 1_mof7ynm2
 Entry Distribution not found for 1_mof7ynm2, So Doing EntryDistribution.add and EntryDistribution.submitAdd 
 Starting Redistribution for 1_7jwhtldq
 Entry Distribution not found for 1_7jwhtldq, So Doing EntryDistribution.add and EntryDistribution.submitAdd 
 Starting Redistribution for 1_h9y7j1kj
 Entry Distribution not found for 1_h9y7j1kj, So Doing EntryDistribution.add and EntryDistribution.submitAdd 
 Starting Redistribution for 1_qne6amq9
 Entry Distribution not found for 1_qne6amq9, So Doing EntryDistribution.add and EntryDistribution.submitAdd 
 Starting Redistribution for 1_lhfpoqgi
 Entry Distribution not found for 1_lhfpoqgi, So Doing EntryDistribution.add and EntryDistribution.submitAdd 
 Starting Redistribution for 1_ch64xu25
 Entry Distribution not found for 1_ch64xu25, So Doing EntryDistribution.add and EntryDistribution.submitAdd 
 Starting Redistribution for 1_rlu3za80
 Entry Distribution not found for 1_rlu3za80, So Doing EntryDistribution.add and EntryDistribution.submitAdd 
 Starting Redistribution for 1_pikubtjw
 Entry Distribution not found for 1_pikubtjw, So Doing EntryDistribution.add and EntryDistribution.submitAdd 
 Starting Redistribution for 1_ety6mx4k
 Entry Distribution not found for 1_ety6mx4k, So Doing EntryDistribution.add and EntryDistribution.submitAdd 
 Starting Redistribution for 1_rhyg3frz
 Entry Distribution not found for 1_rhyg3frz, So Doing EntryDistribution.add and EntryDistribution.submitAdd 
 Starting Redistribution for 1_xm45jd2m
 Entry Distribution not found for 1_xm45jd2m, So Doing EntryDistribution.add and EntryDistribution.submitAdd 
 Starting Redistribution for 1_9tpgvg4d
 Entry Distribution not found for 1_9tpgvg4d, So Doing EntryDistribution.add and EntryDistribution.submitAdd 
 Starting Redistribution for 1_rh3pro31
 Entry Distribution not found for 1_rh3pro31, So Doing EntryDistribution.add and EntryDistribution.submitAdd 
 Starting Redistribution for 1_58rm7r79
 Entry Distribution not found for 1_58rm7r79, So Doing EntryDistribution.add and EntryDistribution.submitAdd 
 Starting Redistribution for 1_i0bz6jq9
 Entry Distribution not found for 1_i0bz6jq9, So Doing EntryDistribution.add and EntryDistribution.submitAdd 
 Starting Redistribution for 1_9yxeatkv
 Entry Distribution not found for 1_9yxeatkv, So Doing EntryDistribution.add and EntryDistribution.submitAdd 
 Starting Redistribution for 1_zegzfefz
 Entry Distribution not found for 1_zegzfefz, So Doing EntryDistribution.add and EntryDistribution.submitAdd 
 Starting Redistribution for 1_sz7zwa97
 Entry Distribution not found for 1_sz7zwa97, So Doing EntryDistribution.add and EntryDistribution.submitAdd 
 Starting Redistribution for 1_v3wmftdk
 Entry Distribution not found for 1_v3wmftdk, So Doing EntryDistribution.add and EntryDistribution.submitAdd 
 Starting Redistribution for 1_rx897thg
 Entry Distribution not found for 1_rx897thg, So Doing EntryDistribution.add and EntryDistribution.submitAdd 
 Starting Redistribution for 1_yjow309n
 Entry Distribution not found for 1_yjow309n, So Doing EntryDistribution.add and EntryDistribution.submitAdd 
 Starting Redistribution for 1_8tiy1yl6
 Entry Distribution not found for 1_8tiy1yl6, So Doing EntryDistribution.add and EntryDistribution.submitAdd 
 Starting Redistribution for 1_qa8veg21
 Entry Distribution not found for 1_qa8veg21, So Doing EntryDistribution.add and EntryDistribution.submitAdd 
 Starting Redistribution for 1_gicbf2jy
 Entry Distribution not found for 1_gicbf2jy, So Doing EntryDistribution.add and EntryDistribution.submitAdd 
 Starting Redistribution for 1_0xauqx3q
 Entry Distribution not found for 1_0xauqx3q, So Doing EntryDistribution.add and EntryDistribution.submitAdd 
 Starting Redistribution for 1_20rpdxej
 Entry Distribution not found for 1_20rpdxej, So Doing EntryDistribution.add and EntryDistribution.submitAdd 
 Starting Redistribution for 1_neo4q895
 Entry Distribution not found for 1_neo4q895, So Doing EntryDistribution.add and EntryDistribution.submitAdd 
 Starting Redistribution for 1_i3jzwg9k
 Entry Distribution not found for 1_i3jzwg9k, So Doing EntryDistribution.add and EntryDistribution.submitAdd 
 Starting Redistribution for 1_5chig1fz
 Entry Distribution not found for 1_5chig1fz, So Doing EntryDistribution.add and EntryDistribution.submitAdd 
 Starting Redistribution for 1_948n6e47
 Entry Distribution not found for 1_948n6e47, So Doing EntryDistribution.add and EntryDistribution.submitAdd 
 Starting Redistribution for 1_uiglc8qd
 Entry Distribution not found for 1_uiglc8qd, So Doing EntryDistribution.add and EntryDistribution.submitAdd 
 Starting Redistribution for 1_r6ptkh2m
 Entry Distribution not found for 1_r6ptkh2m, So Doing EntryDistribution.add and EntryDistribution.submitAdd 
 Starting Redistribution for 1_li08jxe6
 Entry Distribution not found for 1_li08jxe6, So Doing EntryDistribution.add and EntryDistribution.submitAdd 
 Starting Redistribution for 1_9hl78z0h
 Entry Distribution not found for 1_9hl78z0h, So Doing EntryDistribution.add and EntryDistribution.submitAdd 
 Starting Redistribution for 1_8ly6qj50
 Entry Distribution not found for 1_8ly6qj50, So Doing EntryDistribution.add and EntryDistribution.submitAdd 
 Starting Redistribution for 1_frtvly3p
 Entry Distribution not found for 1_frtvly3p, So Doing EntryDistribution.add and EntryDistribution.submitAdd 
 Starting Redistribution for 1_xmz716rs
 Entry Distribution not found for 1_xmz716rs, So Doing EntryDistribution.add and EntryDistribution.submitAdd 
 Starting Redistribution for 1_0ygjmfag
 Entry Distribution not found for 1_0ygjmfag, So Doing EntryDistribution.add and EntryDistribution.submitAdd 
 Starting Redistribution for 1_h4e2tsly
 Entry Distribution not found for 1_h4e2tsly, So Doing EntryDistribution.add and EntryDistribution.submitAdd 
 Starting Redistribution for 1_16vqdv7n
 Entry Distribution not found for 1_16vqdv7n, So Doing EntryDistribution.add and EntryDistribution.submitAdd 
 Starting Redistribution for 1_qcovl2yv
 Entry Distribution not found for 1_qcovl2yv, So Doing EntryDistribution.add and EntryDistribution.submitAdd 
 Starting Redistribution for 1_k4cs80t9
 Entry Distribution not found for 1_k4cs80t9, So Doing EntryDistribution.add and EntryDistribution.submitAdd 
 Starting Redistribution for 1_ej7ds01s
 Entry Distribution not found for 1_ej7ds01s, So Doing EntryDistribution.add and EntryDistribution.submitAdd 
 Starting Redistribution for 1_3r9ww0v6
 Entry Distribution not found for 1_3r9ww0v6, So Doing EntryDistribution.add and EntryDistribution.submitAdd 
 Starting Redistribution for 1_dcun9yeq
 Entry Distribution not found for 1_dcun9yeq, So Doing EntryDistribution.add and EntryDistribution.submitAdd 
 Starting Redistribution for 1_0ngqpf8i
 Entry Distribution not found for 1_0ngqpf8i, So Doing EntryDistribution.add and EntryDistribution.submitAdd 
 Starting Redistribution for 1_of90lh7t
 Entry Distribution not found for 1_of90lh7t, So Doing EntryDistribution.add and EntryDistribution.submitAdd 
 Starting Redistribution for 1_zfdspvw9
 Entry Distribution not found for 1_zfdspvw9, So Doing EntryDistribution.add and EntryDistribution.submitAdd 
 Starting Redistribution for 1_saxbaknf
 Entry Distribution not found for 1_saxbaknf, So Doing EntryDistribution.add and EntryDistribution.submitAdd 
 Starting Redistribution for 1_pf9nx8e9
 Entry Distribution not found for 1_pf9nx8e9, So Doing EntryDistribution.add and EntryDistribution.submitAdd 
 Starting Redistribution for 1_e0x4iu7s
 Entry Distribution not found for 1_e0x4iu7s, So Doing EntryDistribution.add and EntryDistribution.submitAdd 
 Starting Redistribution for 1_to4i3jif
 Entry Distribution not found for 1_to4i3jif, So Doing EntryDistribution.add and EntryDistribution.submitAdd 
 Starting Redistribution for 1_dnh4ropv
 Entry Distribution not found for 1_dnh4ropv, So Doing EntryDistribution.add and EntryDistribution.submitAdd 
 Starting Redistribution for 1_rm4egqdp
 Entry Distribution not found for 1_rm4egqdp, So Doing EntryDistribution.add and EntryDistribution.submitAdd 
 Starting Redistribution for 1_nc8jktr4
 Entry Distribution not found for 1_nc8jktr4, So Doing EntryDistribution.add and EntryDistribution.submitAdd 
 Starting Redistribution for 1_ja3hbjeu
 Entry Distribution not found for 1_ja3hbjeu, So Doing EntryDistribution.add and EntryDistribution.submitAdd 
 Starting Redistribution for 1_t1pg8v7h
 Entry Distribution not found for 1_t1pg8v7h, So Doing EntryDistribution.add and EntryDistribution.submitAdd 
 Starting Redistribution for 1_m9bk55sa
 Entry Distribution not found for 1_m9bk55sa, So Doing EntryDistribution.add and EntryDistribution.submitAdd 
 Starting Redistribution for 1_y8giyhox
 Entry Distribution not found for 1_y8giyhox, So Doing EntryDistribution.add and EntryDistribution.submitAdd 
 Starting Redistribution for 1_cqzz0m5f
 Entry Distribution not found for 1_cqzz0m5f, So Doing EntryDistribution.add and EntryDistribution.submitAdd 
 Starting Redistribution for 1_v9wjzce1
 Entry Distribution not found for 1_v9wjzce1, So Doing EntryDistribution.add and EntryDistribution.submitAdd 
 Starting Redistribution for 1_sd03xko5
 Entry Distribution not found for 1_sd03xko5, So Doing EntryDistribution.add and EntryDistribution.submitAdd 
 Starting Redistribution for 1_ni9aznln
 Entry Distribution not found for 1_ni9aznln, So Doing EntryDistribution.add and EntryDistribution.submitAdd 
 Starting Redistribution for 1_98cdbd4l
 Entry Distribution not found for 1_98cdbd4l, So Doing EntryDistribution.add and EntryDistribution.submitAdd 
 Starting Redistribution for 1_noiallvp
 Entry Distribution not found for 1_noiallvp, So Doing EntryDistribution.add and EntryDistribution.submitAdd 
 Starting Redistribution for 1_sqbn2eih
 Entry Distribution not found for 1_sqbn2eih, So Doing EntryDistribution.add and EntryDistribution.submitAdd 
 Starting Redistribution for 1_0dheekzu
 Entry Distribution not found for 1_0dheekzu, So Doing EntryDistribution.add and EntryDistribution.submitAdd 
 Starting Redistribution for 1_5jvkxk2x
 Entry Distribution not found for 1_5jvkxk2x, So Doing EntryDistribution.add and EntryDistribution.submitAdd 
 Starting Redistribution for 1_xi5neuiw
 Entry Distribution not found for 1_xi5neuiw, So Doing EntryDistribution.add and EntryDistribution.submitAdd 
 Starting Redistribution for 1_zm6hlr7b
 Entry Distribution not found for 1_zm6hlr7b, So Doing EntryDistribution.add and EntryDistribution.submitAdd 
 Starting Redistribution for 1_x1ye2uf5
 Entry Distribution not found for 1_x1ye2uf5, So Doing EntryDistribution.add and EntryDistribution.submitAdd 
 Starting Redistribution for 1_owqi6jsw
 Entry Distribution not found for 1_owqi6jsw, So Doing EntryDistribution.add and EntryDistribution.submitAdd 
 Starting Redistribution for 1_fdiu3ul9
 Entry Distribution not found for 1_fdiu3ul9, So Doing EntryDistribution.add and EntryDistribution.submitAdd 
 Starting Redistribution for 1_loc6mii7
 Entry Distribution not found for 1_loc6mii7, So Doing EntryDistribution.add and EntryDistribution.submitAdd 
 Starting Redistribution for 1_yx2c2fmh
 Entry Distribution not found for 1_yx2c2fmh, So Doing EntryDistribution.add and EntryDistribution.submitAdd 
 Starting Redistribution for 1_4f8lvgxv
 Entry Distribution not found for 1_4f8lvgxv, So Doing EntryDistribution.add and EntryDistribution.submitAdd 
 Starting Redistribution for 1_smas607s
 Entry Distribution not found for 1_smas607s, So Doing EntryDistribution.add and EntryDistribution.submitAdd 
 Starting Redistribution for 1_qsttepig
 Entry Distribution not found for 1_qsttepig, So Doing EntryDistribution.add and EntryDistribution.submitAdd 
 Starting Redistribution for 1_8wv6c9lh
 Entry Distribution not found for 1_8wv6c9lh, So Doing EntryDistribution.add and EntryDistribution.submitAdd 
 Starting Redistribution for 1_hgn4k98v
 Entry Distribution not found for 1_hgn4k98v, So Doing EntryDistribution.add and EntryDistribution.submitAdd 
 Starting Redistribution for 1_wjtxwa5h
 Entry Distribution not found for 1_wjtxwa5h, So Doing EntryDistribution.add and EntryDistribution.submitAdd 
 Starting Redistribution for 1_uwdi5wc9
 Entry Distribution not found for 1_uwdi5wc9, So Doing EntryDistribution.add and EntryDistribution.submitAdd 
 Starting Redistribution for 1_67wouhij
 Entry Distribution not found for 1_67wouhij, So Doing EntryDistribution.add and EntryDistribution.submitAdd 
 Starting Redistribution for 1_pllk5lnd
 Entry Distribution not found for 1_pllk5lnd, So Doing EntryDistribution.add and EntryDistribution.submitAdd 
 Starting Redistribution for 1_3xqbcfev
 Entry Distribution not found for 1_3xqbcfev, So Doing EntryDistribution.add and EntryDistribution.submitAdd 
 Starting Redistribution for 1_dop0j3x9
 Entry Distribution not found for 1_dop0j3x9, So Doing EntryDistribution.add and EntryDistribution.submitAdd 
 Starting Redistribution for 1_k9ftcfw6
 Entry Distribution not found for 1_k9ftcfw6, So Doing EntryDistribution.add and EntryDistribution.submitAdd 
 Starting Redistribution for 1_ayxe4z25
 Entry Distribution not found for 1_ayxe4z25, So Doing EntryDistribution.add and EntryDistribution.submitAdd 
 Starting Redistribution for 1_pelx03m4
 Entry Distribution not found for 1_pelx03m4, So Doing EntryDistribution.add and EntryDistribution.submitAdd 
 Starting Redistribution for 1_tmxaj7o6
 Entry Distribution not found for 1_tmxaj7o6, So Doing EntryDistribution.add and EntryDistribution.submitAdd 
 Starting Redistribution for 1_xr4jj90v
 Entry Distribution not found for 1_xr4jj90v, So Doing EntryDistribution.add and EntryDistribution.submitAdd 
 Starting Redistribution for 1_pufqjw11
 Entry Distribution not found for 1_pufqjw11, So Doing EntryDistribution.add and EntryDistribution.submitAdd 
 Starting Redistribution for 1_ciszgnsg
 Entry Distribution not found for 1_ciszgnsg, So Doing EntryDistribution.add and EntryDistribution.submitAdd 
 Starting Redistribution for 1_u04j7rgs
 Entry Distribution not found for 1_u04j7rgs, So Doing EntryDistribution.add and EntryDistribution.submitAdd 
 Starting Redistribution for 1_n2nj8f5g
 Entry Distribution not found for 1_n2nj8f5g, So Doing EntryDistribution.add and EntryDistribution.submitAdd 
 Starting Redistribution for 1_93gu3gcs
 Entry Distribution not found for 1_93gu3gcs, So Doing EntryDistribution.add and EntryDistribution.submitAdd 
 Starting Redistribution for 1_gc1fzy6i
 Entry Distribution not found for 1_gc1fzy6i, So Doing EntryDistribution.add and EntryDistribution.submitAdd 
 Starting Redistribution for 1_wqmayy42
 Entry Distribution not found for 1_wqmayy42, So Doing EntryDistribution.add and EntryDistribution.submitAdd 
 Starting Redistribution for 1_td6uc4s2
 Entry Distribution not found for 1_td6uc4s2, So Doing EntryDistribution.add and EntryDistribution.submitAdd 
 Starting Redistribution for 1_85o160v4
 Entry Distribution not found for 1_85o160v4, So Doing EntryDistribution.add and EntryDistribution.submitAdd 
 Starting Redistribution for 1_3uyvy0tq
 Entry Distribution not found for 1_3uyvy0tq, So Doing EntryDistribution.add and EntryDistribution.submitAdd 
 Starting Redistribution for 1_yc00bsyy
 Entry Distribution not found for 1_yc00bsyy, So Doing EntryDistribution.add and EntryDistribution.submitAdd 
 Starting Redistribution for 1_k2z9ni2c
 Entry Distribution not found for 1_k2z9ni2c, So Doing EntryDistribution.add and EntryDistribution.submitAdd 
 Starting Redistribution for 1_b0zdhfok
 Entry Distribution not found for 1_b0zdhfok, So Doing EntryDistribution.add and EntryDistribution.submitAdd 
 Starting Redistribution for 1_2m8vkbpu
 Entry Distribution not found for 1_2m8vkbpu, So Doing EntryDistribution.add and EntryDistribution.submitAdd 
 Starting Redistribution for 1_qfkbgk24
 Entry Distribution not found for 1_qfkbgk24, So Doing EntryDistribution.add and EntryDistribution.submitAdd 
 Starting Redistribution for 1_icv2sn3q
 Entry Distribution not found for 1_icv2sn3q, So Doing EntryDistribution.add and EntryDistribution.submitAdd 
 Starting Redistribution for 1_cuo47mn0
 Entry Distribution not found for 1_cuo47mn0, So Doing EntryDistribution.add and EntryDistribution.submitAdd 
 Starting Redistribution for 1_1m74mui9
 Entry Distribution not found for 1_1m74mui9, So Doing EntryDistribution.add and EntryDistribution.submitAdd 
 Starting Redistribution for 1_1h3bm40b
 Entry Distribution not found for 1_1h3bm40b, So Doing EntryDistribution.add and EntryDistribution.submitAdd 
 Starting Redistribution for 1_eeszwp0n
 Entry Distribution not found for 1_eeszwp0n, So Doing EntryDistribution.add and EntryDistribution.submitAdd 
 Starting Redistribution for 1_uwkdmr4c
 Entry Distribution not found for 1_uwkdmr4c, So Doing EntryDistribution.add and EntryDistribution.submitAdd 
 Starting Redistribution for 1_c7rs8yg8
 Entry Distribution not found for 1_c7rs8yg8, So Doing EntryDistribution.add and EntryDistribution.submitAdd 
 Starting Redistribution for 1_6w6vwhyz
 Entry Distribution not found for 1_6w6vwhyz, So Doing EntryDistribution.add and EntryDistribution.submitAdd 
 Starting Redistribution for 1_am0vyn0t
 Entry Distribution not found for 1_am0vyn0t, So Doing EntryDistribution.add and EntryDistribution.submitAdd 
 Starting Redistribution for 1_ta8zstje
 Entry Distribution not found for 1_ta8zstje, So Doing EntryDistribution.add and EntryDistribution.submitAdd 
 Starting Redistribution for 1_bu2g3q0n
 Entry Distribution not found for 1_bu2g3q0n, So Doing EntryDistribution.add and EntryDistribution.submitAdd 
 Starting Redistribution for 1_073ru2wr
 Entry Distribution not found for 1_073ru2wr, So Doing EntryDistribution.add and EntryDistribution.submitAdd 
 Starting Redistribution for 1_lrn4j35g
 Entry Distribution not found for 1_lrn4j35g, So Doing EntryDistribution.add and EntryDistribution.submitAdd 
 Starting Redistribution for 1_v1qp3fri
 Entry Distribution not found for 1_v1qp3fri, So Doing EntryDistribution.add and EntryDistribution.submitAdd 
 Starting Redistribution for 1_0k8n5l0q
 Distribution Found, So just doing a EntryDistribution.submitUpdate  1_0k8n5l0q 
 Starting Redistribution for 1_di3ke882
 Distribution Found, So just doing a EntryDistribution.submitUpdate  1_di3ke882 
 Starting Redistribution for 1_gfjoptfo
 Distribution Found, So just doing a EntryDistribution.submitUpdate  1_gfjoptfo 
 Starting Redistribution for 1_s8jhfy7t
 Distribution Found, So just doing a EntryDistribution.submitUpdate  1_s8jhfy7t 
 Starting Redistribution for 1_3mlast89
 Distribution Found, So just doing a EntryDistribution.submitUpdate  1_3mlast89 
 Starting Redistribution for 1_ki95quh3
 Entry Distribution not found for 1_ki95quh3, So Doing EntryDistribution.add and EntryDistribution.submitAdd 
Finished Working on the entry 1_ki95quh3 
File exists. Processing now
COUNT = 8
 Starting Redistribution for 1_yoe0am28
 Entry Distribution not found for 1_yoe0am28, So Doing EntryDistribution.add and EntryDistribution.submitAdd 
 Starting Redistribution for 1_nv1hssxl
 Entry Distribution not found for 1_nv1hssxl, So Doing EntryDistribution.add and EntryDistribution.submitAdd 
 Starting Redistribution for 1_3wsxk5xj
 Entry Distribution not found for 1_3wsxk5xj, So Doing EntryDistribution.add and EntryDistribution.submitAdd 
 Starting Redistribution for 1_7r9faasq
 Entry Distribution not found for 1_7r9faasq, So Doing EntryDistribution.add and EntryDistribution.submitAdd 
 Starting Redistribution for 1_jsr1oh3k
 Entry Distribution not found for 1_jsr1oh3k, So Doing EntryDistribution.add and EntryDistribution.submitAdd 
 Starting Redistribution for 1_b5igf8hx
 Entry Distribution not found for 1_b5igf8hx, So Doing EntryDistribution.add and EntryDistribution.submitAdd 
 Starting Redistribution for 1_n9vfn8jp
 Entry Distribution not found for 1_n9vfn8jp, So Doing EntryDistribution.add and EntryDistribution.submitAdd 
 Starting Redistribution for 1_stp1pg13
 Entry Distribution not found for 1_stp1pg13, So Doing EntryDistribution.add and EntryDistribution.submitAdd 
Finished Working on the entry 1_stp1pg13 
