File exists. Processing now
COUNT = 1
flavorParamRows Count = 3
 Getting flavorAssets 1_rh06n87vFile exists. Processing now
COUNT = 1
flavorParamRows Count = 3
 Getting flavorAssets 1_rh06n87vFile exists. Processing now
COUNT = 1
flavorParamRows Count = 3
 Getting flavorAssets for 1_rh06n87vFile exists. Processing now
COUNT = 1
flavorParamRows Count = 3
 Getting flavorAssets for 1_rh06n87vFile exists. Processing now
COUNT = 1
flavorParamRows Count = 3
 Getting flavorAssets for 1_rh06n87vFile exists. Processing now
COUNT = 1
flavorParamRows Count = 3
 Getting flavorAssets for 1_rh06n87vFile exists. Processing now
COUNT = 1
flavorParamRows Count = 3
 Getting flavorAssets for 1_rh06n87vFile exists. Processing now
COUNT = 1
flavorParamRows Count = 3
 Getting flavorAssets for 1_rh06n87vFile exists. Processing now
COUNT = 1
flavorParamRows Count = 3
 Getting flavorAssets for 1_rh06n87vFile exists. Processing now
COUNT = 1File exists. Processing now
COUNT = 1File exists. Processing now
COUNT = 1File exists. Processing now
COUNT = 1File exists. Processing now
COUNT = 1File exists. Processing now
COUNT = 1File exists. Processing now
COUNT = 1File exists. Processing now
COUNT = 1File exists. Processing now
COUNT = 1File exists. Processing now
COUNT = 1File exists. Processing now
COUNT = 1File exists. Processing now
COUNT = 1File exists. Processing now
COUNT = 1
Finished DeletingFile exists. Processing now
COUNT = 1File exists. Processing now
COUNT = 1
flavorParamRows Count = 3
 Getting flavorAssets for 1_rh06n87v
 Finished Operating  1_rh06n87v 
Finished DeletingFile exists. Processing now
COUNT = 1
flavorParamRows Count = 3
 Getting flavorAssets for 1_rh06n87vFile exists. Processing now
COUNT = 1
flavorParamRows Count = 3
 Getting flavorAssets for 1_rh06n87v
 Finished Operating  1_rh06n87v 
Finished DeletingFile exists. Processing now
COUNT = 1
flavorParamRows Count = 3
 Getting flavorAssets for 1_rh06n87v
 Finished Operating  1_rh06n87v 
Finished DeletingFile exists. Processing now
COUNT = 1
flavorParamRows Count = 3
 Getting flavorAssets for 1_rh06n87v
 Finished Operating  1_rh06n87v 
Finished DeletingFile exists. Processing now
COUNT = 1
flavorParamRows Count = 3
 Getting flavorAssets for 1_rh06n87v
 Finished Operating  1_rh06n87v 
Finished DeletingFile exists. Processing now
COUNT = 1
flavorParamRows Count = 3
 Getting flavorAssets for 1_rh06n87v
 Finished Operating  1_rh06n87v 
Finished DeletingFile exists. Processing now
COUNT = 1
flavorParamRows Count = 3
 Getting flavorAssets for 1_rh06n87v
 Check for FlavorParamID 978471;mobile
 Check for FlavorParamID 978521;web
 Check for FlavorParamID 978531;web
 Finished Operating  1_rh06n87v 
Finished DeletingFile exists. Processing now
COUNT = 1
flavorParamRows Count = 3
 Getting flavorAssets for 1_rh06n87v
 Check for FlavorParamID 978471 = mobile,iphone,iphonenew,web,mobile_sd,tablet_sd,thumbsource
 Check for FlavorParamID 978521 = web,mbr,dash,tablet_hd,web_hd,tv_hd,sstv_hd,dashtv_hd,hlstv_hd,thumbsource,mobile_hd
 Check for FlavorParamID 978531 = web,mbr,dash,web_hd,tv_hd,hlstv_hd,dashtv_hd,thumbsource,tablet_hd
 Finished Operating  1_rh06n87v 
Finished DeletingFile exists. Processing now
COUNT = 1
flavorParamRows Count = 3
 Getting flavorAssets for 1_rh06n87v
 Check for FlavorParamID 978471 = mobile,iphone,iphonenew,web,mobile_sd,tablet_sd,thumbsource
 Finished Operating  1_rh06n87v 
Finished DeletingFile exists. Processing now
COUNT = 1
flavorParamRows Count = 3
 Getting flavorAssets for 1_rh06n87v
 Check for FlavorParamID 978471 = mobile,iphone,iphonenew,web,mobile_sd,tablet_sd,thumbsource
 Finished Operating  1_rh06n87v 
Finished DeletingFile exists. Processing now
COUNT = 1
flavorParamRows Count = 3
 Getting flavorAssets for 1_rh06n87v
 Check for FlavorParamID 978471 = mobile,iphone,iphonenew,web,mobile_sd,tablet_sd,thumbsource
 Updated 1_ofx6mjn9 with mobile,iphone,iphonenew,web,mobile_sd,tablet_sd,thumbsource for 1_rh06n87v
 Check for FlavorParamID 978521 = web,mbr,dash,tablet_hd,web_hd,tv_hd,sstv_hd,dashtv_hd,hlstv_hd,thumbsource,mobile_hd
 Check for FlavorParamID 978531 = web,mbr,dash,web_hd,tv_hd,hlstv_hd,dashtv_hd,thumbsource,tablet_hd
 Finished Operating  1_rh06n87v 
Finished DeletingFile exists. Processing now
COUNT = 1
flavorParamRows Count = 3
 Getting flavorAssets for 1_rh06n87v
 Check for FlavorParamID 978471 = mobile,iphone,iphonenew,web,mobile_sd,tablet_sd,thumbsource
 Updated 1_ofx6mjn9 with mobile,iphone,iphonenew,web,mobile_sd,tablet_sd,thumbsource for 1_rh06n87v
 Check for FlavorParamID 978521 = web,mbr,dash,tablet_hd,web_hd,tv_hd,sstv_hd,dashtv_hd,hlstv_hd,thumbsource,mobile_hd
 Updated 1_tih1ubuz with web,mbr,dash,tablet_hd,web_hd,tv_hd,sstv_hd,dashtv_hd,hlstv_hd,thumbsource,mobile_hd for 1_rh06n87v
 Check for FlavorParamID 978531 = web,mbr,dash,web_hd,tv_hd,hlstv_hd,dashtv_hd,thumbsource,tablet_hd
 Updated 1_d4ufcnts with web,mbr,dash,web_hd,tv_hd,hlstv_hd,dashtv_hd,thumbsource,tablet_hd for 1_rh06n87v
 Finished Operating  1_rh06n87v 
Finished DeletingFile exists. Processing now
COUNT = 100
flavorParamRows Count = 3
 Getting flavorAssets for 0_02kz1ky1
 Check for FlavorParamID 978471 = mobile,iphone,iphonenew,web,mobile_sd,tablet_sd,thumbsource
 Updated 0_f6unquy3 with mobile,iphone,iphonenew,web,mobile_sd,tablet_sd,thumbsource for 0_02kz1ky1
 Check for FlavorParamID 978521 = web,mbr,dash,tablet_hd,web_hd,tv_hd,sstv_hd,dashtv_hd,hlstv_hd,thumbsource,mobile_hd
 Updated 0_p6n0ozbf with web,mbr,dash,tablet_hd,web_hd,tv_hd,sstv_hd,dashtv_hd,hlstv_hd,thumbsource,mobile_hd for 0_02kz1ky1
 Check for FlavorParamID 978531 = web,mbr,dash,web_hd,tv_hd,hlstv_hd,dashtv_hd,thumbsource,tablet_hd
 Updated 0_xapi7t8d with web,mbr,dash,web_hd,tv_hd,hlstv_hd,dashtv_hd,thumbsource,tablet_hd for 0_02kz1ky1
 Finished Operating  0_02kz1ky1 
 Getting flavorAssets for 0_07cynjfb
 Check for FlavorParamID 978471 = mobile,iphone,iphonenew,web,mobile_sd,tablet_sd,thumbsource
 Updated 0_bhnel6ly with mobile,iphone,iphonenew,web,mobile_sd,tablet_sd,thumbsource for 0_07cynjfb
 Check for FlavorParamID 978521 = web,mbr,dash,tablet_hd,web_hd,tv_hd,sstv_hd,dashtv_hd,hlstv_hd,thumbsource,mobile_hd
 Updated 0_hnk6ugoy with web,mbr,dash,tablet_hd,web_hd,tv_hd,sstv_hd,dashtv_hd,hlstv_hd,thumbsource,mobile_hd for 0_07cynjfb
 Check for FlavorParamID 978531 = web,mbr,dash,web_hd,tv_hd,hlstv_hd,dashtv_hd,thumbsource,tablet_hd
 Updated 0_p4042f1h with web,mbr,dash,web_hd,tv_hd,hlstv_hd,dashtv_hd,thumbsource,tablet_hd for 0_07cynjfb
 Finished Operating  0_07cynjfb 
 Getting flavorAssets for 0_0hm6c83j
 Check for FlavorParamID 978471 = mobile,iphone,iphonenew,web,mobile_sd,tablet_sd,thumbsource
 Updated 0_o3fpyvso with mobile,iphone,iphonenew,web,mobile_sd,tablet_sd,thumbsource for 0_0hm6c83j
 Check for FlavorParamID 978521 = web,mbr,dash,tablet_hd,web_hd,tv_hd,sstv_hd,dashtv_hd,hlstv_hd,thumbsource,mobile_hd
 Updated 0_pfxaufzu with web,mbr,dash,tablet_hd,web_hd,tv_hd,sstv_hd,dashtv_hd,hlstv_hd,thumbsource,mobile_hd for 0_0hm6c83j
 Check for FlavorParamID 978531 = web,mbr,dash,web_hd,tv_hd,hlstv_hd,dashtv_hd,thumbsource,tablet_hd
 Updated 0_bac02uuj with web,mbr,dash,web_hd,tv_hd,hlstv_hd,dashtv_hd,thumbsource,tablet_hd for 0_0hm6c83j
 Finished Operating  0_0hm6c83j 
 Getting flavorAssets for 0_0yiahk48
 Check for FlavorParamID 978471 = mobile,iphone,iphonenew,web,mobile_sd,tablet_sd,thumbsource
 Updated 0_euznswwa with mobile,iphone,iphonenew,web,mobile_sd,tablet_sd,thumbsource for 0_0yiahk48
 Check for FlavorParamID 978521 = web,mbr,dash,tablet_hd,web_hd,tv_hd,sstv_hd,dashtv_hd,hlstv_hd,thumbsource,mobile_hd
 Updated 0_t0typ6w6 with web,mbr,dash,tablet_hd,web_hd,tv_hd,sstv_hd,dashtv_hd,hlstv_hd,thumbsource,mobile_hd for 0_0yiahk48
 Check for FlavorParamID 978531 = web,mbr,dash,web_hd,tv_hd,hlstv_hd,dashtv_hd,thumbsource,tablet_hd
 Updated 0_96720i78 with web,mbr,dash,web_hd,tv_hd,hlstv_hd,dashtv_hd,thumbsource,tablet_hd for 0_0yiahk48
 Finished Operating  0_0yiahk48 
 Getting flavorAssets for 0_1og88hq3
 Check for FlavorParamID 978471 = mobile,iphone,iphonenew,web,mobile_sd,tablet_sd,thumbsource
 Updated 0_2znqjdsh with mobile,iphone,iphonenew,web,mobile_sd,tablet_sd,thumbsource for 0_1og88hq3
 Check for FlavorParamID 978521 = web,mbr,dash,tablet_hd,web_hd,tv_hd,sstv_hd,dashtv_hd,hlstv_hd,thumbsource,mobile_hd
 Updated 0_f9neyaly with web,mbr,dash,tablet_hd,web_hd,tv_hd,sstv_hd,dashtv_hd,hlstv_hd,thumbsource,mobile_hd for 0_1og88hq3
 Check for FlavorParamID 978531 = web,mbr,dash,web_hd,tv_hd,hlstv_hd,dashtv_hd,thumbsource,tablet_hd
 Updated 0_8kx3helr with web,mbr,dash,web_hd,tv_hd,hlstv_hd,dashtv_hd,thumbsource,tablet_hd for 0_1og88hq3
 Finished Operating  0_1og88hq3 
 Getting flavorAssets for 0_1ydym808
 Check for FlavorParamID 978471 = mobile,iphone,iphonenew,web,mobile_sd,tablet_sd,thumbsource
 Updated 0_lwl2xo1n with mobile,iphone,iphonenew,web,mobile_sd,tablet_sd,thumbsource for 0_1ydym808
 Check for FlavorParamID 978521 = web,mbr,dash,tablet_hd,web_hd,tv_hd,sstv_hd,dashtv_hd,hlstv_hd,thumbsource,mobile_hd
 Updated 0_15xpzaz5 with web,mbr,dash,tablet_hd,web_hd,tv_hd,sstv_hd,dashtv_hd,hlstv_hd,thumbsource,mobile_hd for 0_1ydym808
 Check for FlavorParamID 978531 = web,mbr,dash,web_hd,tv_hd,hlstv_hd,dashtv_hd,thumbsource,tablet_hd
 Updated 0_vknh7dr4 with web,mbr,dash,web_hd,tv_hd,hlstv_hd,dashtv_hd,thumbsource,tablet_hd for 0_1ydym808
 Finished Operating  0_1ydym808 
 Getting flavorAssets for 0_253nnt3o
 Check for FlavorParamID 978471 = mobile,iphone,iphonenew,web,mobile_sd,tablet_sd,thumbsource
 Updated 0_jpj6uw5y with mobile,iphone,iphonenew,web,mobile_sd,tablet_sd,thumbsource for 0_253nnt3o
 Check for FlavorParamID 978521 = web,mbr,dash,tablet_hd,web_hd,tv_hd,sstv_hd,dashtv_hd,hlstv_hd,thumbsource,mobile_hd
 Updated 0_p5xzw223 with web,mbr,dash,tablet_hd,web_hd,tv_hd,sstv_hd,dashtv_hd,hlstv_hd,thumbsource,mobile_hd for 0_253nnt3o
 Check for FlavorParamID 978531 = web,mbr,dash,web_hd,tv_hd,hlstv_hd,dashtv_hd,thumbsource,tablet_hd
 Updated 0_2ll5vqxo with web,mbr,dash,web_hd,tv_hd,hlstv_hd,dashtv_hd,thumbsource,tablet_hd for 0_253nnt3o
 Finished Operating  0_253nnt3o 
 Getting flavorAssets for 0_2hnhy0dw
 Check for FlavorParamID 978471 = mobile,iphone,iphonenew,web,mobile_sd,tablet_sd,thumbsource
 Updated 0_c269na20 with mobile,iphone,iphonenew,web,mobile_sd,tablet_sd,thumbsource for 0_2hnhy0dw
 Check for FlavorParamID 978521 = web,mbr,dash,tablet_hd,web_hd,tv_hd,sstv_hd,dashtv_hd,hlstv_hd,thumbsource,mobile_hd
 Updated 0_48dr8456 with web,mbr,dash,tablet_hd,web_hd,tv_hd,sstv_hd,dashtv_hd,hlstv_hd,thumbsource,mobile_hd for 0_2hnhy0dw
 Check for FlavorParamID 978531 = web,mbr,dash,web_hd,tv_hd,hlstv_hd,dashtv_hd,thumbsource,tablet_hd
 Updated 0_a72y5fsw with web,mbr,dash,web_hd,tv_hd,hlstv_hd,dashtv_hd,thumbsource,tablet_hd for 0_2hnhy0dw
 Finished Operating  0_2hnhy0dw 
 Getting flavorAssets for 0_2j5f2iyu
 Check for FlavorParamID 978471 = mobile,iphone,iphonenew,web,mobile_sd,tablet_sd,thumbsource
 Updated 0_wjv3rxp1 with mobile,iphone,iphonenew,web,mobile_sd,tablet_sd,thumbsource for 0_2j5f2iyu
 Check for FlavorParamID 978521 = web,mbr,dash,tablet_hd,web_hd,tv_hd,sstv_hd,dashtv_hd,hlstv_hd,thumbsource,mobile_hd
 Updated 0_qhjob42g with web,mbr,dash,tablet_hd,web_hd,tv_hd,sstv_hd,dashtv_hd,hlstv_hd,thumbsource,mobile_hd for 0_2j5f2iyu
 Check for FlavorParamID 978531 = web,mbr,dash,web_hd,tv_hd,hlstv_hd,dashtv_hd,thumbsource,tablet_hd
 Updated 0_nrszww1o with web,mbr,dash,web_hd,tv_hd,hlstv_hd,dashtv_hd,thumbsource,tablet_hd for 0_2j5f2iyu
 Finished Operating  0_2j5f2iyu 
 Getting flavorAssets for 0_3ay7c4m8
 Check for FlavorParamID 978471 = mobile,iphone,iphonenew,web,mobile_sd,tablet_sd,thumbsource
 Updated 0_3eo4qnbj with mobile,iphone,iphonenew,web,mobile_sd,tablet_sd,thumbsource for 0_3ay7c4m8
 Check for FlavorParamID 978521 = web,mbr,dash,tablet_hd,web_hd,tv_hd,sstv_hd,dashtv_hd,hlstv_hd,thumbsource,mobile_hd
 Updated 0_grhociml with web,mbr,dash,tablet_hd,web_hd,tv_hd,sstv_hd,dashtv_hd,hlstv_hd,thumbsource,mobile_hd for 0_3ay7c4m8
 Check for FlavorParamID 978531 = web,mbr,dash,web_hd,tv_hd,hlstv_hd,dashtv_hd,thumbsource,tablet_hd
 Updated 0_b6yz1a91 with web,mbr,dash,web_hd,tv_hd,hlstv_hd,dashtv_hd,thumbsource,tablet_hd for 0_3ay7c4m8
 Finished Operating  0_3ay7c4m8 
 Getting flavorAssets for 0_472cgzr5
 Check for FlavorParamID 978471 = mobile,iphone,iphonenew,web,mobile_sd,tablet_sd,thumbsource
 Updated 0_3ek74y4b with mobile,iphone,iphonenew,web,mobile_sd,tablet_sd,thumbsource for 0_472cgzr5
 Check for FlavorParamID 978521 = web,mbr,dash,tablet_hd,web_hd,tv_hd,sstv_hd,dashtv_hd,hlstv_hd,thumbsource,mobile_hd
 Updated 0_zk3939ql with web,mbr,dash,tablet_hd,web_hd,tv_hd,sstv_hd,dashtv_hd,hlstv_hd,thumbsource,mobile_hd for 0_472cgzr5
 Check for FlavorParamID 978531 = web,mbr,dash,web_hd,tv_hd,hlstv_hd,dashtv_hd,thumbsource,tablet_hd
 Updated 0_sgmlngmp with web,mbr,dash,web_hd,tv_hd,hlstv_hd,dashtv_hd,thumbsource,tablet_hd for 0_472cgzr5
 Finished Operating  0_472cgzr5 
 Getting flavorAssets for 0_4l94p19c
 Check for FlavorParamID 978471 = mobile,iphone,iphonenew,web,mobile_sd,tablet_sd,thumbsource
 Updated 0_xj1hnoh5 with mobile,iphone,iphonenew,web,mobile_sd,tablet_sd,thumbsource for 0_4l94p19c
 Check for FlavorParamID 978521 = web,mbr,dash,tablet_hd,web_hd,tv_hd,sstv_hd,dashtv_hd,hlstv_hd,thumbsource,mobile_hd
 Updated 0_bvq4n8r8 with web,mbr,dash,tablet_hd,web_hd,tv_hd,sstv_hd,dashtv_hd,hlstv_hd,thumbsource,mobile_hd for 0_4l94p19c
 Check for FlavorParamID 978531 = web,mbr,dash,web_hd,tv_hd,hlstv_hd,dashtv_hd,thumbsource,tablet_hd
 Updated 0_t5tokv1u with web,mbr,dash,web_hd,tv_hd,hlstv_hd,dashtv_hd,thumbsource,tablet_hd for 0_4l94p19c
 Finished Operating  0_4l94p19c 
 Getting flavorAssets for 0_5c127wa1
 Check for FlavorParamID 978471 = mobile,iphone,iphonenew,web,mobile_sd,tablet_sd,thumbsource
 Updated 0_rp6pcu1q with mobile,iphone,iphonenew,web,mobile_sd,tablet_sd,thumbsource for 0_5c127wa1
 Check for FlavorParamID 978521 = web,mbr,dash,tablet_hd,web_hd,tv_hd,sstv_hd,dashtv_hd,hlstv_hd,thumbsource,mobile_hd
 Updated 0_lhpyv9px with web,mbr,dash,tablet_hd,web_hd,tv_hd,sstv_hd,dashtv_hd,hlstv_hd,thumbsource,mobile_hd for 0_5c127wa1
 Check for FlavorParamID 978531 = web,mbr,dash,web_hd,tv_hd,hlstv_hd,dashtv_hd,thumbsource,tablet_hd
 Updated 0_p7bzyyb1 with web,mbr,dash,web_hd,tv_hd,hlstv_hd,dashtv_hd,thumbsource,tablet_hd for 0_5c127wa1
 Finished Operating  0_5c127wa1 
 Getting flavorAssets for 0_5ogdjasj
 Check for FlavorParamID 978471 = mobile,iphone,iphonenew,web,mobile_sd,tablet_sd,thumbsource
 Updated 0_3wwecml5 with mobile,iphone,iphonenew,web,mobile_sd,tablet_sd,thumbsource for 0_5ogdjasj
 Check for FlavorParamID 978521 = web,mbr,dash,tablet_hd,web_hd,tv_hd,sstv_hd,dashtv_hd,hlstv_hd,thumbsource,mobile_hd
 Updated 0_wnlkmtbg with web,mbr,dash,tablet_hd,web_hd,tv_hd,sstv_hd,dashtv_hd,hlstv_hd,thumbsource,mobile_hd for 0_5ogdjasj
 Check for FlavorParamID 978531 = web,mbr,dash,web_hd,tv_hd,hlstv_hd,dashtv_hd,thumbsource,tablet_hd
 Updated 0_lekrbicd with web,mbr,dash,web_hd,tv_hd,hlstv_hd,dashtv_hd,thumbsource,tablet_hd for 0_5ogdjasj
 Finished Operating  0_5ogdjasj 
 Getting flavorAssets for 0_5pdkwur8
 Check for FlavorParamID 978471 = mobile,iphone,iphonenew,web,mobile_sd,tablet_sd,thumbsource
 Updated 0_33zme1ua with mobile,iphone,iphonenew,web,mobile_sd,tablet_sd,thumbsource for 0_5pdkwur8
 Check for FlavorParamID 978521 = web,mbr,dash,tablet_hd,web_hd,tv_hd,sstv_hd,dashtv_hd,hlstv_hd,thumbsource,mobile_hd
 Updated 0_b7s8gd9g with web,mbr,dash,tablet_hd,web_hd,tv_hd,sstv_hd,dashtv_hd,hlstv_hd,thumbsource,mobile_hd for 0_5pdkwur8
 Check for FlavorParamID 978531 = web,mbr,dash,web_hd,tv_hd,hlstv_hd,dashtv_hd,thumbsource,tablet_hd
 Updated 0_r4lcpp3o with web,mbr,dash,web_hd,tv_hd,hlstv_hd,dashtv_hd,thumbsource,tablet_hd for 0_5pdkwur8
 Finished Operating  0_5pdkwur8 
 Getting flavorAssets for 0_658254xg
 Check for FlavorParamID 978471 = mobile,iphone,iphonenew,web,mobile_sd,tablet_sd,thumbsource
 Updated 0_2xbcaa9p with mobile,iphone,iphonenew,web,mobile_sd,tablet_sd,thumbsource for 0_658254xg
 Check for FlavorParamID 978521 = web,mbr,dash,tablet_hd,web_hd,tv_hd,sstv_hd,dashtv_hd,hlstv_hd,thumbsource,mobile_hd
 Updated 0_xwn0mr5e with web,mbr,dash,tablet_hd,web_hd,tv_hd,sstv_hd,dashtv_hd,hlstv_hd,thumbsource,mobile_hd for 0_658254xg
 Check for FlavorParamID 978531 = web,mbr,dash,web_hd,tv_hd,hlstv_hd,dashtv_hd,thumbsource,tablet_hd
 Updated 0_187u5dci with web,mbr,dash,web_hd,tv_hd,hlstv_hd,dashtv_hd,thumbsource,tablet_hd for 0_658254xg
 Finished Operating  0_658254xg 
 Getting flavorAssets for 0_6vhykhqr
 Check for FlavorParamID 978471 = mobile,iphone,iphonenew,web,mobile_sd,tablet_sd,thumbsourceFile exists. Processing now
COUNT = 100
flavorParamRows Count = 3
 Getting flavorAssets for 0_02kz1ky1
 Check for FlavorParamID 978471 = mobile,iphone,iphonenew,web,mobile_sd,tablet_sd,thumbsource
 Updated 0_f6unquy3 with mobile,iphone,iphonenew,web,mobile_sd,tablet_sd,thumbsource for 0_02kz1ky1
 Check for FlavorParamID 978521 = web,mbr,dash,tablet_hd,web_hd,tv_hd,sstv_hd,dashtv_hd,hlstv_hd,thumbsource,mobile_hd
 Updated 0_p6n0ozbf with web,mbr,dash,tablet_hd,web_hd,tv_hd,sstv_hd,dashtv_hd,hlstv_hd,thumbsource,mobile_hd for 0_02kz1ky1
 Check for FlavorParamID 978531 = web,mbr,dash,web_hd,tv_hd,hlstv_hd,dashtv_hd,thumbsource,tablet_hd
 Updated 0_xapi7t8d with web,mbr,dash,web_hd,tv_hd,hlstv_hd,dashtv_hd,thumbsource,tablet_hd for 0_02kz1ky1
 Finished Operating  0_02kz1ky1 
 Getting flavorAssets for 0_07cynjfb
 Check for FlavorParamID 978471 = mobile,iphone,iphonenew,web,mobile_sd,tablet_sd,thumbsource
 Updated 0_bhnel6ly with mobile,iphone,iphonenew,web,mobile_sd,tablet_sd,thumbsource for 0_07cynjfb
 Check for FlavorParamID 978521 = web,mbr,dash,tablet_hd,web_hd,tv_hd,sstv_hd,dashtv_hd,hlstv_hd,thumbsource,mobile_hd
 Updated 0_hnk6ugoy with web,mbr,dash,tablet_hd,web_hd,tv_hd,sstv_hd,dashtv_hd,hlstv_hd,thumbsource,mobile_hd for 0_07cynjfb
 Check for FlavorParamID 978531 = web,mbr,dash,web_hd,tv_hd,hlstv_hd,dashtv_hd,thumbsource,tablet_hd
 Updated 0_p4042f1h with web,mbr,dash,web_hd,tv_hd,hlstv_hd,dashtv_hd,thumbsource,tablet_hd for 0_07cynjfb
 Finished Operating  0_07cynjfb 
 Getting flavorAssets for 0_0hm6c83j
 Check for FlavorParamID 978471 = mobile,iphone,iphonenew,web,mobile_sd,tablet_sd,thumbsource
 Updated 0_o3fpyvso with mobile,iphone,iphonenew,web,mobile_sd,tablet_sd,thumbsource for 0_0hm6c83j
 Check for FlavorParamID 978521 = web,mbr,dash,tablet_hd,web_hd,tv_hd,sstv_hd,dashtv_hd,hlstv_hd,thumbsource,mobile_hd
 Updated 0_pfxaufzu with web,mbr,dash,tablet_hd,web_hd,tv_hd,sstv_hd,dashtv_hd,hlstv_hd,thumbsource,mobile_hd for 0_0hm6c83j
 Check for FlavorParamID 978531 = web,mbr,dash,web_hd,tv_hd,hlstv_hd,dashtv_hd,thumbsource,tablet_hd
 Updated 0_bac02uuj with web,mbr,dash,web_hd,tv_hd,hlstv_hd,dashtv_hd,thumbsource,tablet_hd for 0_0hm6c83j
 Finished Operating  0_0hm6c83j 
 Getting flavorAssets for 0_0yiahk48
 Check for FlavorParamID 978471 = mobile,iphone,iphonenew,web,mobile_sd,tablet_sd,thumbsource
 Updated 0_euznswwa with mobile,iphone,iphonenew,web,mobile_sd,tablet_sd,thumbsource for 0_0yiahk48
 Check for FlavorParamID 978521 = web,mbr,dash,tablet_hd,web_hd,tv_hd,sstv_hd,dashtv_hd,hlstv_hd,thumbsource,mobile_hd
 Updated 0_t0typ6w6 with web,mbr,dash,tablet_hd,web_hd,tv_hd,sstv_hd,dashtv_hd,hlstv_hd,thumbsource,mobile_hd for 0_0yiahk48
 Check for FlavorParamID 978531 = web,mbr,dash,web_hd,tv_hd,hlstv_hd,dashtv_hd,thumbsource,tablet_hd
 Updated 0_96720i78 with web,mbr,dash,web_hd,tv_hd,hlstv_hd,dashtv_hd,thumbsource,tablet_hd for 0_0yiahk48
 Finished Operating  0_0yiahk48 
 Getting flavorAssets for 0_1og88hq3
 Check for FlavorParamID 978471 = mobile,iphone,iphonenew,web,mobile_sd,tablet_sd,thumbsource
 Updated 0_2znqjdsh with mobile,iphone,iphonenew,web,mobile_sd,tablet_sd,thumbsource for 0_1og88hq3
 Check for FlavorParamID 978521 = web,mbr,dash,tablet_hd,web_hd,tv_hd,sstv_hd,dashtv_hd,hlstv_hd,thumbsource,mobile_hd
 Updated 0_f9neyaly with web,mbr,dash,tablet_hd,web_hd,tv_hd,sstv_hd,dashtv_hd,hlstv_hd,thumbsource,mobile_hd for 0_1og88hq3
 Check for FlavorParamID 978531 = web,mbr,dash,web_hd,tv_hd,hlstv_hd,dashtv_hd,thumbsource,tablet_hd
 Updated 0_8kx3helr with web,mbr,dash,web_hd,tv_hd,hlstv_hd,dashtv_hd,thumbsource,tablet_hd for 0_1og88hq3
 Finished Operating  0_1og88hq3 
 Getting flavorAssets for 0_1ydym808
 Check for FlavorParamID 978471 = mobile,iphone,iphonenew,web,mobile_sd,tablet_sd,thumbsource
 Updated 0_lwl2xo1n with mobile,iphone,iphonenew,web,mobile_sd,tablet_sd,thumbsource for 0_1ydym808
 Check for FlavorParamID 978521 = web,mbr,dash,tablet_hd,web_hd,tv_hd,sstv_hd,dashtv_hd,hlstv_hd,thumbsource,mobile_hd
 Updated 0_15xpzaz5 with web,mbr,dash,tablet_hd,web_hd,tv_hd,sstv_hd,dashtv_hd,hlstv_hd,thumbsource,mobile_hd for 0_1ydym808
 Check for FlavorParamID 978531 = web,mbr,dash,web_hd,tv_hd,hlstv_hd,dashtv_hd,thumbsource,tablet_hd
 Updated 0_vknh7dr4 with web,mbr,dash,web_hd,tv_hd,hlstv_hd,dashtv_hd,thumbsource,tablet_hd for 0_1ydym808
 Finished Operating  0_1ydym808 
 Getting flavorAssets for 0_253nnt3o
 Check for FlavorParamID 978471 = mobile,iphone,iphonenew,web,mobile_sd,tablet_sd,thumbsource
 Updated 0_jpj6uw5y with mobile,iphone,iphonenew,web,mobile_sd,tablet_sd,thumbsource for 0_253nnt3o
 Check for FlavorParamID 978521 = web,mbr,dash,tablet_hd,web_hd,tv_hd,sstv_hd,dashtv_hd,hlstv_hd,thumbsource,mobile_hd
 Updated 0_p5xzw223 with web,mbr,dash,tablet_hd,web_hd,tv_hd,sstv_hd,dashtv_hd,hlstv_hd,thumbsource,mobile_hd for 0_253nnt3o
 Check for FlavorParamID 978531 = web,mbr,dash,web_hd,tv_hd,hlstv_hd,dashtv_hd,thumbsource,tablet_hd
 Updated 0_2ll5vqxo with web,mbr,dash,web_hd,tv_hd,hlstv_hd,dashtv_hd,thumbsource,tablet_hd for 0_253nnt3o
 Finished Operating  0_253nnt3o 
 Getting flavorAssets for 0_2hnhy0dw
 Check for FlavorParamID 978471 = mobile,iphone,iphonenew,web,mobile_sd,tablet_sd,thumbsource
 Updated 0_c269na20 with mobile,iphone,iphonenew,web,mobile_sd,tablet_sd,thumbsource for 0_2hnhy0dw
 Check for FlavorParamID 978521 = web,mbr,dash,tablet_hd,web_hd,tv_hd,sstv_hd,dashtv_hd,hlstv_hd,thumbsource,mobile_hd
 Updated 0_48dr8456 with web,mbr,dash,tablet_hd,web_hd,tv_hd,sstv_hd,dashtv_hd,hlstv_hd,thumbsource,mobile_hd for 0_2hnhy0dw
 Check for FlavorParamID 978531 = web,mbr,dash,web_hd,tv_hd,hlstv_hd,dashtv_hd,thumbsource,tablet_hd
 Updated 0_a72y5fsw with web,mbr,dash,web_hd,tv_hd,hlstv_hd,dashtv_hd,thumbsource,tablet_hd for 0_2hnhy0dw
 Finished Operating  0_2hnhy0dw 
 Getting flavorAssets for 0_2j5f2iyu
 Check for FlavorParamID 978471 = mobile,iphone,iphonenew,web,mobile_sd,tablet_sd,thumbsource
 Updated 0_wjv3rxp1 with mobile,iphone,iphonenew,web,mobile_sd,tablet_sd,thumbsource for 0_2j5f2iyu
 Check for FlavorParamID 978521 = web,mbr,dash,tablet_hd,web_hd,tv_hd,sstv_hd,dashtv_hd,hlstv_hd,thumbsource,mobile_hd
 Updated 0_qhjob42g with web,mbr,dash,tablet_hd,web_hd,tv_hd,sstv_hd,dashtv_hd,hlstv_hd,thumbsource,mobile_hd for 0_2j5f2iyu
 Check for FlavorParamID 978531 = web,mbr,dash,web_hd,tv_hd,hlstv_hd,dashtv_hd,thumbsource,tablet_hd
 Updated 0_nrszww1o with web,mbr,dash,web_hd,tv_hd,hlstv_hd,dashtv_hd,thumbsource,tablet_hd for 0_2j5f2iyu
 Finished Operating  0_2j5f2iyu 
 Getting flavorAssets for 0_3ay7c4m8
 Check for FlavorParamID 978471 = mobile,iphone,iphonenew,web,mobile_sd,tablet_sd,thumbsource
 Updated 0_3eo4qnbj with mobile,iphone,iphonenew,web,mobile_sd,tablet_sd,thumbsource for 0_3ay7c4m8
 Check for FlavorParamID 978521 = web,mbr,dash,tablet_hd,web_hd,tv_hd,sstv_hd,dashtv_hd,hlstv_hd,thumbsource,mobile_hd
 Updated 0_grhociml with web,mbr,dash,tablet_hd,web_hd,tv_hd,sstv_hd,dashtv_hd,hlstv_hd,thumbsource,mobile_hd for 0_3ay7c4m8
 Check for FlavorParamID 978531 = web,mbr,dash,web_hd,tv_hd,hlstv_hd,dashtv_hd,thumbsource,tablet_hd
 Updated 0_b6yz1a91 with web,mbr,dash,web_hd,tv_hd,hlstv_hd,dashtv_hd,thumbsource,tablet_hd for 0_3ay7c4m8
 Finished Operating  0_3ay7c4m8 
 Getting flavorAssets for 0_472cgzr5
 Check for FlavorParamID 978471 = mobile,iphone,iphonenew,web,mobile_sd,tablet_sd,thumbsource
 Updated 0_3ek74y4b with mobile,iphone,iphonenew,web,mobile_sd,tablet_sd,thumbsource for 0_472cgzr5
 Check for FlavorParamID 978521 = web,mbr,dash,tablet_hd,web_hd,tv_hd,sstv_hd,dashtv_hd,hlstv_hd,thumbsource,mobile_hd
 Updated 0_zk3939ql with web,mbr,dash,tablet_hd,web_hd,tv_hd,sstv_hd,dashtv_hd,hlstv_hd,thumbsource,mobile_hd for 0_472cgzr5
 Check for FlavorParamID 978531 = web,mbr,dash,web_hd,tv_hd,hlstv_hd,dashtv_hd,thumbsource,tablet_hd
 Updated 0_sgmlngmp with web,mbr,dash,web_hd,tv_hd,hlstv_hd,dashtv_hd,thumbsource,tablet_hd for 0_472cgzr5
 Finished Operating  0_472cgzr5 
 Getting flavorAssets for 0_4l94p19c
 Check for FlavorParamID 978471 = mobile,iphone,iphonenew,web,mobile_sd,tablet_sd,thumbsource
 Updated 0_xj1hnoh5 with mobile,iphone,iphonenew,web,mobile_sd,tablet_sd,thumbsource for 0_4l94p19c
 Check for FlavorParamID 978521 = web,mbr,dash,tablet_hd,web_hd,tv_hd,sstv_hd,dashtv_hd,hlstv_hd,thumbsource,mobile_hd
 Updated 0_bvq4n8r8 with web,mbr,dash,tablet_hd,web_hd,tv_hd,sstv_hd,dashtv_hd,hlstv_hd,thumbsource,mobile_hd for 0_4l94p19c
 Check for FlavorParamID 978531 = web,mbr,dash,web_hd,tv_hd,hlstv_hd,dashtv_hd,thumbsource,tablet_hd
 Updated 0_t5tokv1u with web,mbr,dash,web_hd,tv_hd,hlstv_hd,dashtv_hd,thumbsource,tablet_hd for 0_4l94p19c
 Finished Operating  0_4l94p19c 
 Getting flavorAssets for 0_5c127wa1
 Check for FlavorParamID 978471 = mobile,iphone,iphonenew,web,mobile_sd,tablet_sd,thumbsource
 Updated 0_rp6pcu1q with mobile,iphone,iphonenew,web,mobile_sd,tablet_sd,thumbsource for 0_5c127wa1
 Check for FlavorParamID 978521 = web,mbr,dash,tablet_hd,web_hd,tv_hd,sstv_hd,dashtv_hd,hlstv_hd,thumbsource,mobile_hd
 Updated 0_lhpyv9px with web,mbr,dash,tablet_hd,web_hd,tv_hd,sstv_hd,dashtv_hd,hlstv_hd,thumbsource,mobile_hd for 0_5c127wa1
 Check for FlavorParamID 978531 = web,mbr,dash,web_hd,tv_hd,hlstv_hd,dashtv_hd,thumbsource,tablet_hd
 Updated 0_p7bzyyb1 with web,mbr,dash,web_hd,tv_hd,hlstv_hd,dashtv_hd,thumbsource,tablet_hd for 0_5c127wa1
 Finished Operating  0_5c127wa1 
 Getting flavorAssets for 0_5ogdjasj
 Check for FlavorParamID 978471 = mobile,iphone,iphonenew,web,mobile_sd,tablet_sd,thumbsource
 Updated 0_3wwecml5 with mobile,iphone,iphonenew,web,mobile_sd,tablet_sd,thumbsource for 0_5ogdjasj
 Check for FlavorParamID 978521 = web,mbr,dash,tablet_hd,web_hd,tv_hd,sstv_hd,dashtv_hd,hlstv_hd,thumbsource,mobile_hd
 Updated 0_wnlkmtbg with web,mbr,dash,tablet_hd,web_hd,tv_hd,sstv_hd,dashtv_hd,hlstv_hd,thumbsource,mobile_hd for 0_5ogdjasj
 Check for FlavorParamID 978531 = web,mbr,dash,web_hd,tv_hd,hlstv_hd,dashtv_hd,thumbsource,tablet_hd
 Updated 0_lekrbicd with web,mbr,dash,web_hd,tv_hd,hlstv_hd,dashtv_hd,thumbsource,tablet_hd for 0_5ogdjasj
 Finished Operating  0_5ogdjasj 
 Getting flavorAssets for 0_5pdkwur8
 Check for FlavorParamID 978471 = mobile,iphone,iphonenew,web,mobile_sd,tablet_sd,thumbsource
 Updated 0_33zme1ua with mobile,iphone,iphonenew,web,mobile_sd,tablet_sd,thumbsource for 0_5pdkwur8
 Check for FlavorParamID 978521 = web,mbr,dash,tablet_hd,web_hd,tv_hd,sstv_hd,dashtv_hd,hlstv_hd,thumbsource,mobile_hd
 Updated 0_b7s8gd9g with web,mbr,dash,tablet_hd,web_hd,tv_hd,sstv_hd,dashtv_hd,hlstv_hd,thumbsource,mobile_hd for 0_5pdkwur8
 Check for FlavorParamID 978531 = web,mbr,dash,web_hd,tv_hd,hlstv_hd,dashtv_hd,thumbsource,tablet_hd
 Updated 0_r4lcpp3o with web,mbr,dash,web_hd,tv_hd,hlstv_hd,dashtv_hd,thumbsource,tablet_hd for 0_5pdkwur8
 Finished Operating  0_5pdkwur8 
 Getting flavorAssets for 0_658254xg
 Check for FlavorParamID 978471 = mobile,iphone,iphonenew,web,mobile_sd,tablet_sd,thumbsource
 Updated 0_2xbcaa9p with mobile,iphone,iphonenew,web,mobile_sd,tablet_sd,thumbsource for 0_658254xg
 Check for FlavorParamID 978521 = web,mbr,dash,tablet_hd,web_hd,tv_hd,sstv_hd,dashtv_hd,hlstv_hd,thumbsource,mobile_hd
 Updated 0_xwn0mr5e with web,mbr,dash,tablet_hd,web_hd,tv_hd,sstv_hd,dashtv_hd,hlstv_hd,thumbsource,mobile_hd for 0_658254xg
 Check for FlavorParamID 978531 = web,mbr,dash,web_hd,tv_hd,hlstv_hd,dashtv_hd,thumbsource,tablet_hd
 Updated 0_187u5dci with web,mbr,dash,web_hd,tv_hd,hlstv_hd,dashtv_hd,thumbsource,tablet_hd for 0_658254xg
 Finished Operating  0_658254xg 
 Getting flavorAssets for 0_6vhykhqr
 Check for FlavorParamID 978471 = mobile,iphone,iphonenew,web,mobile_sd,tablet_sd,thumbsource
 Updated 0_8vfbkrne with mobile,iphone,iphonenew,web,mobile_sd,tablet_sd,thumbsource for 0_6vhykhqr
 Check for FlavorParamID 978521 = web,mbr,dash,tablet_hd,web_hd,tv_hd,sstv_hd,dashtv_hd,hlstv_hd,thumbsource,mobile_hd
 Updated 0_w6mip985 with web,mbr,dash,tablet_hd,web_hd,tv_hd,sstv_hd,dashtv_hd,hlstv_hd,thumbsource,mobile_hd for 0_6vhykhqr
 Check for FlavorParamID 978531 = web,mbr,dash,web_hd,tv_hd,hlstv_hd,dashtv_hd,thumbsource,tablet_hd
 Updated 0_9iosd4se with web,mbr,dash,web_hd,tv_hd,hlstv_hd,dashtv_hd,thumbsource,tablet_hd for 0_6vhykhqr
 Finished Operating  0_6vhykhqr 
 Getting flavorAssets for 0_798zt9xx
 Check for FlavorParamID 978471 = mobile,iphone,iphonenew,web,mobile_sd,tablet_sd,thumbsource
 Updated 0_ot7z88r0 with mobile,iphone,iphonenew,web,mobile_sd,tablet_sd,thumbsource for 0_798zt9xx
 Check for FlavorParamID 978521 = web,mbr,dash,tablet_hd,web_hd,tv_hd,sstv_hd,dashtv_hd,hlstv_hd,thumbsource,mobile_hd
 Updated 0_ph9qr050 with web,mbr,dash,tablet_hd,web_hd,tv_hd,sstv_hd,dashtv_hd,hlstv_hd,thumbsource,mobile_hd for 0_798zt9xx
 Check for FlavorParamID 978531 = web,mbr,dash,web_hd,tv_hd,hlstv_hd,dashtv_hd,thumbsource,tablet_hd
 Updated 0_7sicavex with web,mbr,dash,web_hd,tv_hd,hlstv_hd,dashtv_hd,thumbsource,tablet_hd for 0_798zt9xx
 Finished Operating  0_798zt9xx 
 Getting flavorAssets for 0_7nd1h13l
 Check for FlavorParamID 978471 = mobile,iphone,iphonenew,web,mobile_sd,tablet_sd,thumbsource
 Updated 0_ok0l1092 with mobile,iphone,iphonenew,web,mobile_sd,tablet_sd,thumbsource for 0_7nd1h13l
 Check for FlavorParamID 978521 = web,mbr,dash,tablet_hd,web_hd,tv_hd,sstv_hd,dashtv_hd,hlstv_hd,thumbsource,mobile_hd
 Updated 0_y3yitxh4 with web,mbr,dash,tablet_hd,web_hd,tv_hd,sstv_hd,dashtv_hd,hlstv_hd,thumbsource,mobile_hd for 0_7nd1h13l
 Check for FlavorParamID 978531 = web,mbr,dash,web_hd,tv_hd,hlstv_hd,dashtv_hd,thumbsource,tablet_hd
 Updated 0_squiu262 with web,mbr,dash,web_hd,tv_hd,hlstv_hd,dashtv_hd,thumbsource,tablet_hd for 0_7nd1h13l
 Finished Operating  0_7nd1h13l 
 Getting flavorAssets for 0_7pzkvxlq
 Check for FlavorParamID 978471 = mobile,iphone,iphonenew,web,mobile_sd,tablet_sd,thumbsource
 Updated 0_0i93f3p4 with mobile,iphone,iphonenew,web,mobile_sd,tablet_sd,thumbsource for 0_7pzkvxlq
 Check for FlavorParamID 978521 = web,mbr,dash,tablet_hd,web_hd,tv_hd,sstv_hd,dashtv_hd,hlstv_hd,thumbsource,mobile_hd
 Updated 0_j5m52d8a with web,mbr,dash,tablet_hd,web_hd,tv_hd,sstv_hd,dashtv_hd,hlstv_hd,thumbsource,mobile_hd for 0_7pzkvxlq
 Check for FlavorParamID 978531 = web,mbr,dash,web_hd,tv_hd,hlstv_hd,dashtv_hd,thumbsource,tablet_hd
 Updated 0_apmopao3 with web,mbr,dash,web_hd,tv_hd,hlstv_hd,dashtv_hd,thumbsource,tablet_hd for 0_7pzkvxlq
 Finished Operating  0_7pzkvxlq 
 Getting flavorAssets for 0_7qeuaec8
 Check for FlavorParamID 978471 = mobile,iphone,iphonenew,web,mobile_sd,tablet_sd,thumbsource
 Updated 0_qp83e3gu with mobile,iphone,iphonenew,web,mobile_sd,tablet_sd,thumbsource for 0_7qeuaec8
 Check for FlavorParamID 978521 = web,mbr,dash,tablet_hd,web_hd,tv_hd,sstv_hd,dashtv_hd,hlstv_hd,thumbsource,mobile_hd
 Updated 0_ee0wm0oj with web,mbr,dash,tablet_hd,web_hd,tv_hd,sstv_hd,dashtv_hd,hlstv_hd,thumbsource,mobile_hd for 0_7qeuaec8
 Check for FlavorParamID 978531 = web,mbr,dash,web_hd,tv_hd,hlstv_hd,dashtv_hd,thumbsource,tablet_hd
 Updated 0_cpn9o303 with web,mbr,dash,web_hd,tv_hd,hlstv_hd,dashtv_hd,thumbsource,tablet_hd for 0_7qeuaec8
 Finished Operating  0_7qeuaec8 
 Getting flavorAssets for 0_7vdwf6pp
 Check for FlavorParamID 978471 = mobile,iphone,iphonenew,web,mobile_sd,tablet_sd,thumbsource
 Updated 0_a0ey2lgg with mobile,iphone,iphonenew,web,mobile_sd,tablet_sd,thumbsource for 0_7vdwf6pp
 Check for FlavorParamID 978521 = web,mbr,dash,tablet_hd,web_hd,tv_hd,sstv_hd,dashtv_hd,hlstv_hd,thumbsource,mobile_hd
 Updated 0_qqik8bvs with web,mbr,dash,tablet_hd,web_hd,tv_hd,sstv_hd,dashtv_hd,hlstv_hd,thumbsource,mobile_hd for 0_7vdwf6pp
 Check for FlavorParamID 978531 = web,mbr,dash,web_hd,tv_hd,hlstv_hd,dashtv_hd,thumbsource,tablet_hd
 Updated 0_4fky79zg with web,mbr,dash,web_hd,tv_hd,hlstv_hd,dashtv_hd,thumbsource,tablet_hd for 0_7vdwf6pp
 Finished Operating  0_7vdwf6pp 
 Getting flavorAssets for 0_7xl4ecok
 Check for FlavorParamID 978471 = mobile,iphone,iphonenew,web,mobile_sd,tablet_sd,thumbsource
 Updated 0_nsqm7cch with mobile,iphone,iphonenew,web,mobile_sd,tablet_sd,thumbsource for 0_7xl4ecok
 Check for FlavorParamID 978521 = web,mbr,dash,tablet_hd,web_hd,tv_hd,sstv_hd,dashtv_hd,hlstv_hd,thumbsource,mobile_hd
 Updated 0_hrenu8a6 with web,mbr,dash,tablet_hd,web_hd,tv_hd,sstv_hd,dashtv_hd,hlstv_hd,thumbsource,mobile_hd for 0_7xl4ecok
 Check for FlavorParamID 978531 = web,mbr,dash,web_hd,tv_hd,hlstv_hd,dashtv_hd,thumbsource,tablet_hd
 Updated 0_saswn2c0 with web,mbr,dash,web_hd,tv_hd,hlstv_hd,dashtv_hd,thumbsource,tablet_hd for 0_7xl4ecok
 Finished Operating  0_7xl4ecok 
 Getting flavorAssets for 0_8abqzo0q
 Check for FlavorParamID 978471 = mobile,iphone,iphonenew,web,mobile_sd,tablet_sd,thumbsource
 Updated 0_3xt6hcvv with mobile,iphone,iphonenew,web,mobile_sd,tablet_sd,thumbsource for 0_8abqzo0q
 Check for FlavorParamID 978521 = web,mbr,dash,tablet_hd,web_hd,tv_hd,sstv_hd,dashtv_hd,hlstv_hd,thumbsource,mobile_hd
 Updated 0_23qgm2d8 with web,mbr,dash,tablet_hd,web_hd,tv_hd,sstv_hd,dashtv_hd,hlstv_hd,thumbsource,mobile_hd for 0_8abqzo0q
 Check for FlavorParamID 978531 = web,mbr,dash,web_hd,tv_hd,hlstv_hd,dashtv_hd,thumbsource,tablet_hd
 Updated 0_rq5sy6vq with web,mbr,dash,web_hd,tv_hd,hlstv_hd,dashtv_hd,thumbsource,tablet_hd for 0_8abqzo0q
 Finished Operating  0_8abqzo0q 
 Getting flavorAssets for 0_8d5sxr8s
 Check for FlavorParamID 978471 = mobile,iphone,iphonenew,web,mobile_sd,tablet_sd,thumbsource
 Updated 0_775vhz0u with mobile,iphone,iphonenew,web,mobile_sd,tablet_sd,thumbsource for 0_8d5sxr8s
 Check for FlavorParamID 978521 = web,mbr,dash,tablet_hd,web_hd,tv_hd,sstv_hd,dashtv_hd,hlstv_hd,thumbsource,mobile_hd
 Updated 0_dvyzevho with web,mbr,dash,tablet_hd,web_hd,tv_hd,sstv_hd,dashtv_hd,hlstv_hd,thumbsource,mobile_hd for 0_8d5sxr8s
 Check for FlavorParamID 978531 = web,mbr,dash,web_hd,tv_hd,hlstv_hd,dashtv_hd,thumbsource,tablet_hd
 Updated 0_d9qld7pu with web,mbr,dash,web_hd,tv_hd,hlstv_hd,dashtv_hd,thumbsource,tablet_hd for 0_8d5sxr8s
 Finished Operating  0_8d5sxr8s 
 Getting flavorAssets for 0_8tpqbo0p
 Check for FlavorParamID 978471 = mobile,iphone,iphonenew,web,mobile_sd,tablet_sd,thumbsource
 Updated 0_r54jnelj with mobile,iphone,iphonenew,web,mobile_sd,tablet_sd,thumbsource for 0_8tpqbo0p
 Check for FlavorParamID 978521 = web,mbr,dash,tablet_hd,web_hd,tv_hd,sstv_hd,dashtv_hd,hlstv_hd,thumbsource,mobile_hd
 Updated 0_0cnyhnxh with web,mbr,dash,tablet_hd,web_hd,tv_hd,sstv_hd,dashtv_hd,hlstv_hd,thumbsource,mobile_hd for 0_8tpqbo0p
 Check for FlavorParamID 978531 = web,mbr,dash,web_hd,tv_hd,hlstv_hd,dashtv_hd,thumbsource,tablet_hd
 Updated 0_uiu280zc with web,mbr,dash,web_hd,tv_hd,hlstv_hd,dashtv_hd,thumbsource,tablet_hd for 0_8tpqbo0p
 Finished Operating  0_8tpqbo0p 
 Getting flavorAssets for 0_8yfrjk8u
 Check for FlavorParamID 978471 = mobile,iphone,iphonenew,web,mobile_sd,tablet_sd,thumbsource
 Updated 0_74w6vdli with mobile,iphone,iphonenew,web,mobile_sd,tablet_sd,thumbsource for 0_8yfrjk8u
 Check for FlavorParamID 978521 = web,mbr,dash,tablet_hd,web_hd,tv_hd,sstv_hd,dashtv_hd,hlstv_hd,thumbsource,mobile_hd
 Updated 0_ouu8nwpu with web,mbr,dash,tablet_hd,web_hd,tv_hd,sstv_hd,dashtv_hd,hlstv_hd,thumbsource,mobile_hd for 0_8yfrjk8u
 Check for FlavorParamID 978531 = web,mbr,dash,web_hd,tv_hd,hlstv_hd,dashtv_hd,thumbsource,tablet_hd
 Updated 0_vqf6i0np with web,mbr,dash,web_hd,tv_hd,hlstv_hd,dashtv_hd,thumbsource,tablet_hd for 0_8yfrjk8u
 Finished Operating  0_8yfrjk8u 
 Getting flavorAssets for 0_9e8xtvcl
 Check for FlavorParamID 978471 = mobile,iphone,iphonenew,web,mobile_sd,tablet_sd,thumbsource
 Updated 0_qapa058t with mobile,iphone,iphonenew,web,mobile_sd,tablet_sd,thumbsource for 0_9e8xtvcl
 Check for FlavorParamID 978521 = web,mbr,dash,tablet_hd,web_hd,tv_hd,sstv_hd,dashtv_hd,hlstv_hd,thumbsource,mobile_hd
 Updated 0_gl9bdor9 with web,mbr,dash,tablet_hd,web_hd,tv_hd,sstv_hd,dashtv_hd,hlstv_hd,thumbsource,mobile_hd for 0_9e8xtvcl
 Check for FlavorParamID 978531 = web,mbr,dash,web_hd,tv_hd,hlstv_hd,dashtv_hd,thumbsource,tablet_hd
 Updated 0_4otryu9q with web,mbr,dash,web_hd,tv_hd,hlstv_hd,dashtv_hd,thumbsource,tablet_hd for 0_9e8xtvcl
 Finished Operating  0_9e8xtvcl 
 Getting flavorAssets for 0_9esv51se
 Check for FlavorParamID 978471 = mobile,iphone,iphonenew,web,mobile_sd,tablet_sd,thumbsource
 Updated 0_ofb6h1av with mobile,iphone,iphonenew,web,mobile_sd,tablet_sd,thumbsource for 0_9esv51se
 Check for FlavorParamID 978521 = web,mbr,dash,tablet_hd,web_hd,tv_hd,sstv_hd,dashtv_hd,hlstv_hd,thumbsource,mobile_hd
 Updated 0_dv6rgyuq with web,mbr,dash,tablet_hd,web_hd,tv_hd,sstv_hd,dashtv_hd,hlstv_hd,thumbsource,mobile_hd for 0_9esv51se
 Check for FlavorParamID 978531 = web,mbr,dash,web_hd,tv_hd,hlstv_hd,dashtv_hd,thumbsource,tablet_hd
 Updated 0_7du7gmow with web,mbr,dash,web_hd,tv_hd,hlstv_hd,dashtv_hd,thumbsource,tablet_hd for 0_9esv51se
 Finished Operating  0_9esv51se 
 Getting flavorAssets for 0_ax1jmxtf
 Check for FlavorParamID 978471 = mobile,iphone,iphonenew,web,mobile_sd,tablet_sd,thumbsource
 Updated 0_mos7p37u with mobile,iphone,iphonenew,web,mobile_sd,tablet_sd,thumbsource for 0_ax1jmxtf
 Check for FlavorParamID 978521 = web,mbr,dash,tablet_hd,web_hd,tv_hd,sstv_hd,dashtv_hd,hlstv_hd,thumbsource,mobile_hd
 Updated 0_9j7vccon with web,mbr,dash,tablet_hd,web_hd,tv_hd,sstv_hd,dashtv_hd,hlstv_hd,thumbsource,mobile_hd for 0_ax1jmxtf
 Check for FlavorParamID 978531 = web,mbr,dash,web_hd,tv_hd,hlstv_hd,dashtv_hd,thumbsource,tablet_hd
 Updated 0_7fn0mvvg with web,mbr,dash,web_hd,tv_hd,hlstv_hd,dashtv_hd,thumbsource,tablet_hd for 0_ax1jmxtf
 Finished Operating  0_ax1jmxtf 
 Getting flavorAssets for 0_ax78ctme
 Check for FlavorParamID 978471 = mobile,iphone,iphonenew,web,mobile_sd,tablet_sd,thumbsource
 Updated 0_zsaqqu06 with mobile,iphone,iphonenew,web,mobile_sd,tablet_sd,thumbsource for 0_ax78ctme
 Check for FlavorParamID 978521 = web,mbr,dash,tablet_hd,web_hd,tv_hd,sstv_hd,dashtv_hd,hlstv_hd,thumbsource,mobile_hd
 Updated 0_sq0durac with web,mbr,dash,tablet_hd,web_hd,tv_hd,sstv_hd,dashtv_hd,hlstv_hd,thumbsource,mobile_hd for 0_ax78ctme
 Check for FlavorParamID 978531 = web,mbr,dash,web_hd,tv_hd,hlstv_hd,dashtv_hd,thumbsource,tablet_hd
 Updated 0_g8mhbz7q with web,mbr,dash,web_hd,tv_hd,hlstv_hd,dashtv_hd,thumbsource,tablet_hd for 0_ax78ctme
 Finished Operating  0_ax78ctme 
 Getting flavorAssets for 0_ayhyvdhb
 Check for FlavorParamID 978471 = mobile,iphone,iphonenew,web,mobile_sd,tablet_sd,thumbsource
 Updated 0_25td14is with mobile,iphone,iphonenew,web,mobile_sd,tablet_sd,thumbsource for 0_ayhyvdhb
 Check for FlavorParamID 978521 = web,mbr,dash,tablet_hd,web_hd,tv_hd,sstv_hd,dashtv_hd,hlstv_hd,thumbsource,mobile_hd
 Updated 0_rlc0qmre with web,mbr,dash,tablet_hd,web_hd,tv_hd,sstv_hd,dashtv_hd,hlstv_hd,thumbsource,mobile_hd for 0_ayhyvdhb
 Check for FlavorParamID 978531 = web,mbr,dash,web_hd,tv_hd,hlstv_hd,dashtv_hd,thumbsource,tablet_hd
 Updated 0_tvnbp6pn with web,mbr,dash,web_hd,tv_hd,hlstv_hd,dashtv_hd,thumbsource,tablet_hd for 0_ayhyvdhb
 Finished Operating  0_ayhyvdhb 
 Getting flavorAssets for 0_b23xg8kv
 Check for FlavorParamID 978471 = mobile,iphone,iphonenew,web,mobile_sd,tablet_sd,thumbsource
 Updated 0_s1442fi1 with mobile,iphone,iphonenew,web,mobile_sd,tablet_sd,thumbsource for 0_b23xg8kv
 Check for FlavorParamID 978521 = web,mbr,dash,tablet_hd,web_hd,tv_hd,sstv_hd,dashtv_hd,hlstv_hd,thumbsource,mobile_hd
 Updated 0_psio5rpq with web,mbr,dash,tablet_hd,web_hd,tv_hd,sstv_hd,dashtv_hd,hlstv_hd,thumbsource,mobile_hd for 0_b23xg8kv
 Check for FlavorParamID 978531 = web,mbr,dash,web_hd,tv_hd,hlstv_hd,dashtv_hd,thumbsource,tablet_hd
 Updated 0_3x9s6d78 with web,mbr,dash,web_hd,tv_hd,hlstv_hd,dashtv_hd,thumbsource,tablet_hd for 0_b23xg8kv
 Finished Operating  0_b23xg8kv 
 Getting flavorAssets for 0_bgzm9xji
 Check for FlavorParamID 978471 = mobile,iphone,iphonenew,web,mobile_sd,tablet_sd,thumbsource
 Updated 0_ay8qi27y with mobile,iphone,iphonenew,web,mobile_sd,tablet_sd,thumbsource for 0_bgzm9xji
 Check for FlavorParamID 978521 = web,mbr,dash,tablet_hd,web_hd,tv_hd,sstv_hd,dashtv_hd,hlstv_hd,thumbsource,mobile_hd
 Updated 0_z8dme89u with web,mbr,dash,tablet_hd,web_hd,tv_hd,sstv_hd,dashtv_hd,hlstv_hd,thumbsource,mobile_hd for 0_bgzm9xji
 Check for FlavorParamID 978531 = web,mbr,dash,web_hd,tv_hd,hlstv_hd,dashtv_hd,thumbsource,tablet_hd
 Updated 0_b6a5jqsl with web,mbr,dash,web_hd,tv_hd,hlstv_hd,dashtv_hd,thumbsource,tablet_hd for 0_bgzm9xji
 Finished Operating  0_bgzm9xji 
 Getting flavorAssets for 0_cbox8db6
 Check for FlavorParamID 978471 = mobile,iphone,iphonenew,web,mobile_sd,tablet_sd,thumbsource
 Updated 0_jt6tdqsk with mobile,iphone,iphonenew,web,mobile_sd,tablet_sd,thumbsource for 0_cbox8db6
 Check for FlavorParamID 978521 = web,mbr,dash,tablet_hd,web_hd,tv_hd,sstv_hd,dashtv_hd,hlstv_hd,thumbsource,mobile_hd
 Updated 0_hb027z59 with web,mbr,dash,tablet_hd,web_hd,tv_hd,sstv_hd,dashtv_hd,hlstv_hd,thumbsource,mobile_hd for 0_cbox8db6
 Check for FlavorParamID 978531 = web,mbr,dash,web_hd,tv_hd,hlstv_hd,dashtv_hd,thumbsource,tablet_hd
 Updated 0_3iphdvqe with web,mbr,dash,web_hd,tv_hd,hlstv_hd,dashtv_hd,thumbsource,tablet_hd for 0_cbox8db6
 Finished Operating  0_cbox8db6 
 Getting flavorAssets for 0_dfkxaxfq
 Check for FlavorParamID 978471 = mobile,iphone,iphonenew,web,mobile_sd,tablet_sd,thumbsource
 Updated 0_cvyyaay9 with mobile,iphone,iphonenew,web,mobile_sd,tablet_sd,thumbsource for 0_dfkxaxfq
 Check for FlavorParamID 978521 = web,mbr,dash,tablet_hd,web_hd,tv_hd,sstv_hd,dashtv_hd,hlstv_hd,thumbsource,mobile_hd
 Updated 0_n0t1qe8a with web,mbr,dash,tablet_hd,web_hd,tv_hd,sstv_hd,dashtv_hd,hlstv_hd,thumbsource,mobile_hd for 0_dfkxaxfq
 Check for FlavorParamID 978531 = web,mbr,dash,web_hd,tv_hd,hlstv_hd,dashtv_hd,thumbsource,tablet_hd
 Updated 0_7cnpdhut with web,mbr,dash,web_hd,tv_hd,hlstv_hd,dashtv_hd,thumbsource,tablet_hd for 0_dfkxaxfq
 Finished Operating  0_dfkxaxfq 
 Getting flavorAssets for 0_dp7t723g
 Check for FlavorParamID 978471 = mobile,iphone,iphonenew,web,mobile_sd,tablet_sd,thumbsource
 Updated 0_2j3vzo2i with mobile,iphone,iphonenew,web,mobile_sd,tablet_sd,thumbsource for 0_dp7t723g
 Check for FlavorParamID 978521 = web,mbr,dash,tablet_hd,web_hd,tv_hd,sstv_hd,dashtv_hd,hlstv_hd,thumbsource,mobile_hd
 Updated 0_qacscx2n with web,mbr,dash,tablet_hd,web_hd,tv_hd,sstv_hd,dashtv_hd,hlstv_hd,thumbsource,mobile_hd for 0_dp7t723g
 Check for FlavorParamID 978531 = web,mbr,dash,web_hd,tv_hd,hlstv_hd,dashtv_hd,thumbsource,tablet_hd
 Updated 0_naxz1cc1 with web,mbr,dash,web_hd,tv_hd,hlstv_hd,dashtv_hd,thumbsource,tablet_hd for 0_dp7t723g
 Finished Operating  0_dp7t723g 
 Getting flavorAssets for 0_du3rcgo3
 Check for FlavorParamID 978471 = mobile,iphone,iphonenew,web,mobile_sd,tablet_sd,thumbsource
 Updated 0_uf4fw89a with mobile,iphone,iphonenew,web,mobile_sd,tablet_sd,thumbsource for 0_du3rcgo3
 Check for FlavorParamID 978521 = web,mbr,dash,tablet_hd,web_hd,tv_hd,sstv_hd,dashtv_hd,hlstv_hd,thumbsource,mobile_hd
 Updated 0_wlrfzf0l with web,mbr,dash,tablet_hd,web_hd,tv_hd,sstv_hd,dashtv_hd,hlstv_hd,thumbsource,mobile_hd for 0_du3rcgo3
 Check for FlavorParamID 978531 = web,mbr,dash,web_hd,tv_hd,hlstv_hd,dashtv_hd,thumbsource,tablet_hd
 Updated 0_0c279w7r with web,mbr,dash,web_hd,tv_hd,hlstv_hd,dashtv_hd,thumbsource,tablet_hd for 0_du3rcgo3
 Finished Operating  0_du3rcgo3 
 Getting flavorAssets for 0_e9f3uypy
 Check for FlavorParamID 978471 = mobile,iphone,iphonenew,web,mobile_sd,tablet_sd,thumbsource
 Updated 0_fy3xvkkw with mobile,iphone,iphonenew,web,mobile_sd,tablet_sd,thumbsource for 0_e9f3uypy
 Check for FlavorParamID 978521 = web,mbr,dash,tablet_hd,web_hd,tv_hd,sstv_hd,dashtv_hd,hlstv_hd,thumbsource,mobile_hd
 Updated 0_d8ol3hz5 with web,mbr,dash,tablet_hd,web_hd,tv_hd,sstv_hd,dashtv_hd,hlstv_hd,thumbsource,mobile_hd for 0_e9f3uypy
 Check for FlavorParamID 978531 = web,mbr,dash,web_hd,tv_hd,hlstv_hd,dashtv_hd,thumbsource,tablet_hd
 Updated 0_aqmw1yq0 with web,mbr,dash,web_hd,tv_hd,hlstv_hd,dashtv_hd,thumbsource,tablet_hd for 0_e9f3uypy
 Finished Operating  0_e9f3uypy 
 Getting flavorAssets for 0_eguamqw2
 Check for FlavorParamID 978471 = mobile,iphone,iphonenew,web,mobile_sd,tablet_sd,thumbsource
 Updated 0_8b25w417 with mobile,iphone,iphonenew,web,mobile_sd,tablet_sd,thumbsource for 0_eguamqw2
 Check for FlavorParamID 978521 = web,mbr,dash,tablet_hd,web_hd,tv_hd,sstv_hd,dashtv_hd,hlstv_hd,thumbsource,mobile_hd
 Updated 0_puwambqd with web,mbr,dash,tablet_hd,web_hd,tv_hd,sstv_hd,dashtv_hd,hlstv_hd,thumbsource,mobile_hd for 0_eguamqw2
 Check for FlavorParamID 978531 = web,mbr,dash,web_hd,tv_hd,hlstv_hd,dashtv_hd,thumbsource,tablet_hd
 Updated 0_cz8id5x3 with web,mbr,dash,web_hd,tv_hd,hlstv_hd,dashtv_hd,thumbsource,tablet_hd for 0_eguamqw2
 Finished Operating  0_eguamqw2 
 Getting flavorAssets for 0_eo60dl0d
 Check for FlavorParamID 978471 = mobile,iphone,iphonenew,web,mobile_sd,tablet_sd,thumbsource
 Updated 0_eh1mi11y with mobile,iphone,iphonenew,web,mobile_sd,tablet_sd,thumbsource for 0_eo60dl0d
 Check for FlavorParamID 978521 = web,mbr,dash,tablet_hd,web_hd,tv_hd,sstv_hd,dashtv_hd,hlstv_hd,thumbsource,mobile_hd
 Updated 0_cxb11t7q with web,mbr,dash,tablet_hd,web_hd,tv_hd,sstv_hd,dashtv_hd,hlstv_hd,thumbsource,mobile_hd for 0_eo60dl0d
 Check for FlavorParamID 978531 = web,mbr,dash,web_hd,tv_hd,hlstv_hd,dashtv_hd,thumbsource,tablet_hd
 Updated 0_petsrzj7 with web,mbr,dash,web_hd,tv_hd,hlstv_hd,dashtv_hd,thumbsource,tablet_hd for 0_eo60dl0d
 Finished Operating  0_eo60dl0d 
 Getting flavorAssets for 0_ev3lolxd
 Check for FlavorParamID 978471 = mobile,iphone,iphonenew,web,mobile_sd,tablet_sd,thumbsource
 Updated 0_bmu3s6gg with mobile,iphone,iphonenew,web,mobile_sd,tablet_sd,thumbsource for 0_ev3lolxd
 Check for FlavorParamID 978521 = web,mbr,dash,tablet_hd,web_hd,tv_hd,sstv_hd,dashtv_hd,hlstv_hd,thumbsource,mobile_hd
 Updated 0_nbvi0vtf with web,mbr,dash,tablet_hd,web_hd,tv_hd,sstv_hd,dashtv_hd,hlstv_hd,thumbsource,mobile_hd for 0_ev3lolxd
 Check for FlavorParamID 978531 = web,mbr,dash,web_hd,tv_hd,hlstv_hd,dashtv_hd,thumbsource,tablet_hd
 Updated 0_jmek28on with web,mbr,dash,web_hd,tv_hd,hlstv_hd,dashtv_hd,thumbsource,tablet_hd for 0_ev3lolxd
 Finished Operating  0_ev3lolxd 
 Getting flavorAssets for 0_ewg9yhdi
 Check for FlavorParamID 978471 = mobile,iphone,iphonenew,web,mobile_sd,tablet_sd,thumbsource
 Updated 0_opkk3loc with mobile,iphone,iphonenew,web,mobile_sd,tablet_sd,thumbsource for 0_ewg9yhdi
 Check for FlavorParamID 978521 = web,mbr,dash,tablet_hd,web_hd,tv_hd,sstv_hd,dashtv_hd,hlstv_hd,thumbsource,mobile_hd
 Updated 0_9na8vtbh with web,mbr,dash,tablet_hd,web_hd,tv_hd,sstv_hd,dashtv_hd,hlstv_hd,thumbsource,mobile_hd for 0_ewg9yhdi
 Check for FlavorParamID 978531 = web,mbr,dash,web_hd,tv_hd,hlstv_hd,dashtv_hd,thumbsource,tablet_hd
 Updated 0_mu84vl4g with web,mbr,dash,web_hd,tv_hd,hlstv_hd,dashtv_hd,thumbsource,tablet_hd for 0_ewg9yhdi
 Finished Operating  0_ewg9yhdi 
 Getting flavorAssets for 0_f02yh2ja
 Check for FlavorParamID 978471 = mobile,iphone,iphonenew,web,mobile_sd,tablet_sd,thumbsource
 Updated 0_ged6jfo9 with mobile,iphone,iphonenew,web,mobile_sd,tablet_sd,thumbsource for 0_f02yh2ja
 Check for FlavorParamID 978521 = web,mbr,dash,tablet_hd,web_hd,tv_hd,sstv_hd,dashtv_hd,hlstv_hd,thumbsource,mobile_hd
 Updated 0_l6znaz1x with web,mbr,dash,tablet_hd,web_hd,tv_hd,sstv_hd,dashtv_hd,hlstv_hd,thumbsource,mobile_hd for 0_f02yh2ja
 Check for FlavorParamID 978531 = web,mbr,dash,web_hd,tv_hd,hlstv_hd,dashtv_hd,thumbsource,tablet_hd
 Updated 0_cdkbq1mg with web,mbr,dash,web_hd,tv_hd,hlstv_hd,dashtv_hd,thumbsource,tablet_hd for 0_f02yh2ja
 Finished Operating  0_f02yh2ja 
 Getting flavorAssets for 0_fbpv23e9
 Check for FlavorParamID 978471 = mobile,iphone,iphonenew,web,mobile_sd,tablet_sd,thumbsource
 Updated 0_9i6t2amp with mobile,iphone,iphonenew,web,mobile_sd,tablet_sd,thumbsource for 0_fbpv23e9
 Check for FlavorParamID 978521 = web,mbr,dash,tablet_hd,web_hd,tv_hd,sstv_hd,dashtv_hd,hlstv_hd,thumbsource,mobile_hd
 Updated 0_j6s3oosf with web,mbr,dash,tablet_hd,web_hd,tv_hd,sstv_hd,dashtv_hd,hlstv_hd,thumbsource,mobile_hd for 0_fbpv23e9
 Check for FlavorParamID 978531 = web,mbr,dash,web_hd,tv_hd,hlstv_hd,dashtv_hd,thumbsource,tablet_hd
 Updated 0_i1hfr24u with web,mbr,dash,web_hd,tv_hd,hlstv_hd,dashtv_hd,thumbsource,tablet_hd for 0_fbpv23e9
 Finished Operating  0_fbpv23e9 
 Getting flavorAssets for 0_frdqikec
 Check for FlavorParamID 978471 = mobile,iphone,iphonenew,web,mobile_sd,tablet_sd,thumbsource
 Updated 0_2sadjluv with mobile,iphone,iphonenew,web,mobile_sd,tablet_sd,thumbsource for 0_frdqikec
 Check for FlavorParamID 978521 = web,mbr,dash,tablet_hd,web_hd,tv_hd,sstv_hd,dashtv_hd,hlstv_hd,thumbsource,mobile_hd
 Updated 0_x9ucci1k with web,mbr,dash,tablet_hd,web_hd,tv_hd,sstv_hd,dashtv_hd,hlstv_hd,thumbsource,mobile_hd for 0_frdqikec
 Check for FlavorParamID 978531 = web,mbr,dash,web_hd,tv_hd,hlstv_hd,dashtv_hd,thumbsource,tablet_hd
 Updated 0_62sanucm with web,mbr,dash,web_hd,tv_hd,hlstv_hd,dashtv_hd,thumbsource,tablet_hd for 0_frdqikec
 Finished Operating  0_frdqikec 
 Getting flavorAssets for 0_gk6lxxhy
 Check for FlavorParamID 978471 = mobile,iphone,iphonenew,web,mobile_sd,tablet_sd,thumbsource
 Updated 0_brf19fb3 with mobile,iphone,iphonenew,web,mobile_sd,tablet_sd,thumbsource for 0_gk6lxxhy
 Check for FlavorParamID 978521 = web,mbr,dash,tablet_hd,web_hd,tv_hd,sstv_hd,dashtv_hd,hlstv_hd,thumbsource,mobile_hd
 Updated 0_dzndgo3m with web,mbr,dash,tablet_hd,web_hd,tv_hd,sstv_hd,dashtv_hd,hlstv_hd,thumbsource,mobile_hd for 0_gk6lxxhy
 Check for FlavorParamID 978531 = web,mbr,dash,web_hd,tv_hd,hlstv_hd,dashtv_hd,thumbsource,tablet_hd
 Updated 0_98fdw3jp with web,mbr,dash,web_hd,tv_hd,hlstv_hd,dashtv_hd,thumbsource,tablet_hd for 0_gk6lxxhy
 Finished Operating  0_gk6lxxhy 
 Getting flavorAssets for 0_h36kc9vy
 Check for FlavorParamID 978471 = mobile,iphone,iphonenew,web,mobile_sd,tablet_sd,thumbsource
 Updated 0_zmy5r4hs with mobile,iphone,iphonenew,web,mobile_sd,tablet_sd,thumbsource for 0_h36kc9vy
 Check for FlavorParamID 978521 = web,mbr,dash,tablet_hd,web_hd,tv_hd,sstv_hd,dashtv_hd,hlstv_hd,thumbsource,mobile_hd
 Updated 0_j5v7oqch with web,mbr,dash,tablet_hd,web_hd,tv_hd,sstv_hd,dashtv_hd,hlstv_hd,thumbsource,mobile_hd for 0_h36kc9vy
 Check for FlavorParamID 978531 = web,mbr,dash,web_hd,tv_hd,hlstv_hd,dashtv_hd,thumbsource,tablet_hd
 Updated 0_pim3h5bn with web,mbr,dash,web_hd,tv_hd,hlstv_hd,dashtv_hd,thumbsource,tablet_hd for 0_h36kc9vy
 Finished Operating  0_h36kc9vy 
 Getting flavorAssets for 0_h9zfpvkc
 Check for FlavorParamID 978471 = mobile,iphone,iphonenew,web,mobile_sd,tablet_sd,thumbsource
 Updated 0_n8qvo3al with mobile,iphone,iphonenew,web,mobile_sd,tablet_sd,thumbsource for 0_h9zfpvkc
 Check for FlavorParamID 978521 = web,mbr,dash,tablet_hd,web_hd,tv_hd,sstv_hd,dashtv_hd,hlstv_hd,thumbsource,mobile_hd
 Updated 0_1rox87k9 with web,mbr,dash,tablet_hd,web_hd,tv_hd,sstv_hd,dashtv_hd,hlstv_hd,thumbsource,mobile_hd for 0_h9zfpvkc
 Check for FlavorParamID 978531 = web,mbr,dash,web_hd,tv_hd,hlstv_hd,dashtv_hd,thumbsource,tablet_hd
 Updated 0_7j5rl7de with web,mbr,dash,web_hd,tv_hd,hlstv_hd,dashtv_hd,thumbsource,tablet_hd for 0_h9zfpvkc
 Finished Operating  0_h9zfpvkc 
 Getting flavorAssets for 0_hqc9d3ez
 Check for FlavorParamID 978471 = mobile,iphone,iphonenew,web,mobile_sd,tablet_sd,thumbsource
 Updated 0_80nr0fc7 with mobile,iphone,iphonenew,web,mobile_sd,tablet_sd,thumbsource for 0_hqc9d3ez
 Check for FlavorParamID 978521 = web,mbr,dash,tablet_hd,web_hd,tv_hd,sstv_hd,dashtv_hd,hlstv_hd,thumbsource,mobile_hd
 Updated 0_un0il1c4 with web,mbr,dash,tablet_hd,web_hd,tv_hd,sstv_hd,dashtv_hd,hlstv_hd,thumbsource,mobile_hd for 0_hqc9d3ez
 Check for FlavorParamID 978531 = web,mbr,dash,web_hd,tv_hd,hlstv_hd,dashtv_hd,thumbsource,tablet_hd
 Updated 0_coybcty7 with web,mbr,dash,web_hd,tv_hd,hlstv_hd,dashtv_hd,thumbsource,tablet_hd for 0_hqc9d3ez
 Finished Operating  0_hqc9d3ez 
 Getting flavorAssets for 0_hrmqcr92
 Check for FlavorParamID 978471 = mobile,iphone,iphonenew,web,mobile_sd,tablet_sd,thumbsource
 Updated 0_ylka887t with mobile,iphone,iphonenew,web,mobile_sd,tablet_sd,thumbsource for 0_hrmqcr92
 Check for FlavorParamID 978521 = web,mbr,dash,tablet_hd,web_hd,tv_hd,sstv_hd,dashtv_hd,hlstv_hd,thumbsource,mobile_hd
 Updated 0_gc6w980i with web,mbr,dash,tablet_hd,web_hd,tv_hd,sstv_hd,dashtv_hd,hlstv_hd,thumbsource,mobile_hd for 0_hrmqcr92
 Check for FlavorParamID 978531 = web,mbr,dash,web_hd,tv_hd,hlstv_hd,dashtv_hd,thumbsource,tablet_hd
 Updated 0_53lg3b1q with web,mbr,dash,web_hd,tv_hd,hlstv_hd,dashtv_hd,thumbsource,tablet_hd for 0_hrmqcr92
 Finished Operating  0_hrmqcr92 
 Getting flavorAssets for 0_hsgj9yzp
 Check for FlavorParamID 978471 = mobile,iphone,iphonenew,web,mobile_sd,tablet_sd,thumbsource
 Updated 0_r3c3b3ur with mobile,iphone,iphonenew,web,mobile_sd,tablet_sd,thumbsource for 0_hsgj9yzp
 Check for FlavorParamID 978521 = web,mbr,dash,tablet_hd,web_hd,tv_hd,sstv_hd,dashtv_hd,hlstv_hd,thumbsource,mobile_hd
 Updated 0_arx2822n with web,mbr,dash,tablet_hd,web_hd,tv_hd,sstv_hd,dashtv_hd,hlstv_hd,thumbsource,mobile_hd for 0_hsgj9yzp
 Check for FlavorParamID 978531 = web,mbr,dash,web_hd,tv_hd,hlstv_hd,dashtv_hd,thumbsource,tablet_hd
 Updated 0_f0bzmqez with web,mbr,dash,web_hd,tv_hd,hlstv_hd,dashtv_hd,thumbsource,tablet_hd for 0_hsgj9yzp
 Finished Operating  0_hsgj9yzp 
 Getting flavorAssets for 0_huoyji7l
 Check for FlavorParamID 978471 = mobile,iphone,iphonenew,web,mobile_sd,tablet_sd,thumbsource
 Updated 0_2qjwys2r with mobile,iphone,iphonenew,web,mobile_sd,tablet_sd,thumbsource for 0_huoyji7l
 Check for FlavorParamID 978521 = web,mbr,dash,tablet_hd,web_hd,tv_hd,sstv_hd,dashtv_hd,hlstv_hd,thumbsource,mobile_hd
 Updated 0_oqfq57th with web,mbr,dash,tablet_hd,web_hd,tv_hd,sstv_hd,dashtv_hd,hlstv_hd,thumbsource,mobile_hd for 0_huoyji7l
 Check for FlavorParamID 978531 = web,mbr,dash,web_hd,tv_hd,hlstv_hd,dashtv_hd,thumbsource,tablet_hd
 Updated 0_4ku08nmi with web,mbr,dash,web_hd,tv_hd,hlstv_hd,dashtv_hd,thumbsource,tablet_hd for 0_huoyji7l
 Finished Operating  0_huoyji7l 
 Getting flavorAssets for 0_hw5iuybz
 Check for FlavorParamID 978471 = mobile,iphone,iphonenew,web,mobile_sd,tablet_sd,thumbsource
 Updated 0_uca46t47 with mobile,iphone,iphonenew,web,mobile_sd,tablet_sd,thumbsource for 0_hw5iuybz
 Check for FlavorParamID 978521 = web,mbr,dash,tablet_hd,web_hd,tv_hd,sstv_hd,dashtv_hd,hlstv_hd,thumbsource,mobile_hd
 Updated 0_bv21mcry with web,mbr,dash,tablet_hd,web_hd,tv_hd,sstv_hd,dashtv_hd,hlstv_hd,thumbsource,mobile_hd for 0_hw5iuybz
 Check for FlavorParamID 978531 = web,mbr,dash,web_hd,tv_hd,hlstv_hd,dashtv_hd,thumbsource,tablet_hd
 Updated 0_kqfywmks with web,mbr,dash,web_hd,tv_hd,hlstv_hd,dashtv_hd,thumbsource,tablet_hd for 0_hw5iuybz
 Finished Operating  0_hw5iuybz 
 Getting flavorAssets for 0_hxl1066z
 Check for FlavorParamID 978471 = mobile,iphone,iphonenew,web,mobile_sd,tablet_sd,thumbsource
 Updated 0_zz44bpxr with mobile,iphone,iphonenew,web,mobile_sd,tablet_sd,thumbsource for 0_hxl1066z
 Check for FlavorParamID 978521 = web,mbr,dash,tablet_hd,web_hd,tv_hd,sstv_hd,dashtv_hd,hlstv_hd,thumbsource,mobile_hd
 Updated 0_fowbyeae with web,mbr,dash,tablet_hd,web_hd,tv_hd,sstv_hd,dashtv_hd,hlstv_hd,thumbsource,mobile_hd for 0_hxl1066z
 Check for FlavorParamID 978531 = web,mbr,dash,web_hd,tv_hd,hlstv_hd,dashtv_hd,thumbsource,tablet_hd
 Updated 0_pvsvl61g with web,mbr,dash,web_hd,tv_hd,hlstv_hd,dashtv_hd,thumbsource,tablet_hd for 0_hxl1066z
 Finished Operating  0_hxl1066z 
 Getting flavorAssets for 0_hy16r4qf
 Check for FlavorParamID 978471 = mobile,iphone,iphonenew,web,mobile_sd,tablet_sd,thumbsource
 Updated 0_569b9hxc with mobile,iphone,iphonenew,web,mobile_sd,tablet_sd,thumbsource for 0_hy16r4qf
 Check for FlavorParamID 978521 = web,mbr,dash,tablet_hd,web_hd,tv_hd,sstv_hd,dashtv_hd,hlstv_hd,thumbsource,mobile_hd
 Updated 0_kch1gtg4 with web,mbr,dash,tablet_hd,web_hd,tv_hd,sstv_hd,dashtv_hd,hlstv_hd,thumbsource,mobile_hd for 0_hy16r4qf
 Check for FlavorParamID 978531 = web,mbr,dash,web_hd,tv_hd,hlstv_hd,dashtv_hd,thumbsource,tablet_hd
 Updated 0_8mcglzk7 with web,mbr,dash,web_hd,tv_hd,hlstv_hd,dashtv_hd,thumbsource,tablet_hd for 0_hy16r4qf
 Finished Operating  0_hy16r4qf 
 Getting flavorAssets for 0_hz06z3va
 Check for FlavorParamID 978471 = mobile,iphone,iphonenew,web,mobile_sd,tablet_sd,thumbsource
 Updated 0_ljf1q9ns with mobile,iphone,iphonenew,web,mobile_sd,tablet_sd,thumbsource for 0_hz06z3va
 Check for FlavorParamID 978521 = web,mbr,dash,tablet_hd,web_hd,tv_hd,sstv_hd,dashtv_hd,hlstv_hd,thumbsource,mobile_hd
 Updated 0_h1bhjioh with web,mbr,dash,tablet_hd,web_hd,tv_hd,sstv_hd,dashtv_hd,hlstv_hd,thumbsource,mobile_hd for 0_hz06z3va
 Check for FlavorParamID 978531 = web,mbr,dash,web_hd,tv_hd,hlstv_hd,dashtv_hd,thumbsource,tablet_hd
 Updated 0_olwrft87 with web,mbr,dash,web_hd,tv_hd,hlstv_hd,dashtv_hd,thumbsource,tablet_hd for 0_hz06z3va
 Finished Operating  0_hz06z3va 
 Getting flavorAssets for 0_i376l95s
 Check for FlavorParamID 978471 = mobile,iphone,iphonenew,web,mobile_sd,tablet_sd,thumbsource
 Updated 0_5ct0os26 with mobile,iphone,iphonenew,web,mobile_sd,tablet_sd,thumbsource for 0_i376l95s
 Check for FlavorParamID 978521 = web,mbr,dash,tablet_hd,web_hd,tv_hd,sstv_hd,dashtv_hd,hlstv_hd,thumbsource,mobile_hd
 Updated 0_ioirjb7c with web,mbr,dash,tablet_hd,web_hd,tv_hd,sstv_hd,dashtv_hd,hlstv_hd,thumbsource,mobile_hd for 0_i376l95s
 Check for FlavorParamID 978531 = web,mbr,dash,web_hd,tv_hd,hlstv_hd,dashtv_hd,thumbsource,tablet_hd
 Updated 0_ql72zp80 with web,mbr,dash,web_hd,tv_hd,hlstv_hd,dashtv_hd,thumbsource,tablet_hd for 0_i376l95s
 Finished Operating  0_i376l95s 
 Getting flavorAssets for 0_i7qmdhyr
 Check for FlavorParamID 978471 = mobile,iphone,iphonenew,web,mobile_sd,tablet_sd,thumbsource
 Updated 0_x8cz3qhw with mobile,iphone,iphonenew,web,mobile_sd,tablet_sd,thumbsource for 0_i7qmdhyr
 Check for FlavorParamID 978521 = web,mbr,dash,tablet_hd,web_hd,tv_hd,sstv_hd,dashtv_hd,hlstv_hd,thumbsource,mobile_hd
 Updated 0_63jb50kr with web,mbr,dash,tablet_hd,web_hd,tv_hd,sstv_hd,dashtv_hd,hlstv_hd,thumbsource,mobile_hd for 0_i7qmdhyr
 Check for FlavorParamID 978531 = web,mbr,dash,web_hd,tv_hd,hlstv_hd,dashtv_hd,thumbsource,tablet_hd
 Updated 0_py0ze4i9 with web,mbr,dash,web_hd,tv_hd,hlstv_hd,dashtv_hd,thumbsource,tablet_hd for 0_i7qmdhyr
 Finished Operating  0_i7qmdhyr 
 Getting flavorAssets for 0_is8uw39q
 Check for FlavorParamID 978471 = mobile,iphone,iphonenew,web,mobile_sd,tablet_sd,thumbsource
 Updated 0_k0t8zegx with mobile,iphone,iphonenew,web,mobile_sd,tablet_sd,thumbsource for 0_is8uw39q
 Check for FlavorParamID 978521 = web,mbr,dash,tablet_hd,web_hd,tv_hd,sstv_hd,dashtv_hd,hlstv_hd,thumbsource,mobile_hd
 Updated 0_ir7n0ft7 with web,mbr,dash,tablet_hd,web_hd,tv_hd,sstv_hd,dashtv_hd,hlstv_hd,thumbsource,mobile_hd for 0_is8uw39q
 Check for FlavorParamID 978531 = web,mbr,dash,web_hd,tv_hd,hlstv_hd,dashtv_hd,thumbsource,tablet_hd
 Updated 0_wsuuhl5s with web,mbr,dash,web_hd,tv_hd,hlstv_hd,dashtv_hd,thumbsource,tablet_hd for 0_is8uw39q
 Finished Operating  0_is8uw39q 
 Getting flavorAssets for 0_j0fh89ew
 Check for FlavorParamID 978471 = mobile,iphone,iphonenew,web,mobile_sd,tablet_sd,thumbsource
 Updated 0_c3j7xeca with mobile,iphone,iphonenew,web,mobile_sd,tablet_sd,thumbsource for 0_j0fh89ew
 Check for FlavorParamID 978521 = web,mbr,dash,tablet_hd,web_hd,tv_hd,sstv_hd,dashtv_hd,hlstv_hd,thumbsource,mobile_hd
 Updated 0_z8griqpw with web,mbr,dash,tablet_hd,web_hd,tv_hd,sstv_hd,dashtv_hd,hlstv_hd,thumbsource,mobile_hd for 0_j0fh89ew
 Check for FlavorParamID 978531 = web,mbr,dash,web_hd,tv_hd,hlstv_hd,dashtv_hd,thumbsource,tablet_hd
 Updated 0_bbqch1sb with web,mbr,dash,web_hd,tv_hd,hlstv_hd,dashtv_hd,thumbsource,tablet_hd for 0_j0fh89ew
 Finished Operating  0_j0fh89ew 
 Getting flavorAssets for 0_j1fxgcno
 Check for FlavorParamID 978471 = mobile,iphone,iphonenew,web,mobile_sd,tablet_sd,thumbsource
 Updated 0_vn5rhe2v with mobile,iphone,iphonenew,web,mobile_sd,tablet_sd,thumbsource for 0_j1fxgcno
 Check for FlavorParamID 978521 = web,mbr,dash,tablet_hd,web_hd,tv_hd,sstv_hd,dashtv_hd,hlstv_hd,thumbsource,mobile_hd
 Updated 0_p1vi9mxx with web,mbr,dash,tablet_hd,web_hd,tv_hd,sstv_hd,dashtv_hd,hlstv_hd,thumbsource,mobile_hd for 0_j1fxgcno
 Check for FlavorParamID 978531 = web,mbr,dash,web_hd,tv_hd,hlstv_hd,dashtv_hd,thumbsource,tablet_hd
 Updated 0_392kmr86 with web,mbr,dash,web_hd,tv_hd,hlstv_hd,dashtv_hd,thumbsource,tablet_hd for 0_j1fxgcno
 Finished Operating  0_j1fxgcno 
 Getting flavorAssets for 0_jldr5ow4
 Check for FlavorParamID 978471 = mobile,iphone,iphonenew,web,mobile_sd,tablet_sd,thumbsource
 Updated 0_prexohil with mobile,iphone,iphonenew,web,mobile_sd,tablet_sd,thumbsource for 0_jldr5ow4
 Check for FlavorParamID 978521 = web,mbr,dash,tablet_hd,web_hd,tv_hd,sstv_hd,dashtv_hd,hlstv_hd,thumbsource,mobile_hd
 Updated 0_lv6a069v with web,mbr,dash,tablet_hd,web_hd,tv_hd,sstv_hd,dashtv_hd,hlstv_hd,thumbsource,mobile_hd for 0_jldr5ow4
 Check for FlavorParamID 978531 = web,mbr,dash,web_hd,tv_hd,hlstv_hd,dashtv_hd,thumbsource,tablet_hd
 Updated 0_1hry78fi with web,mbr,dash,web_hd,tv_hd,hlstv_hd,dashtv_hd,thumbsource,tablet_hd for 0_jldr5ow4
 Finished Operating  0_jldr5ow4 
 Getting flavorAssets for 0_jsnlbokk
 Check for FlavorParamID 978471 = mobile,iphone,iphonenew,web,mobile_sd,tablet_sd,thumbsource
 Updated 0_7kgdpgf7 with mobile,iphone,iphonenew,web,mobile_sd,tablet_sd,thumbsource for 0_jsnlbokk
 Check for FlavorParamID 978521 = web,mbr,dash,tablet_hd,web_hd,tv_hd,sstv_hd,dashtv_hd,hlstv_hd,thumbsource,mobile_hd
 Updated 0_bts1b40r with web,mbr,dash,tablet_hd,web_hd,tv_hd,sstv_hd,dashtv_hd,hlstv_hd,thumbsource,mobile_hd for 0_jsnlbokk
 Check for FlavorParamID 978531 = web,mbr,dash,web_hd,tv_hd,hlstv_hd,dashtv_hd,thumbsource,tablet_hd
 Updated 0_g9vi9cbx with web,mbr,dash,web_hd,tv_hd,hlstv_hd,dashtv_hd,thumbsource,tablet_hd for 0_jsnlbokk
 Finished Operating  0_jsnlbokk 
 Getting flavorAssets for 0_l2u33qjl
 Check for FlavorParamID 978471 = mobile,iphone,iphonenew,web,mobile_sd,tablet_sd,thumbsource
 Updated 0_14zmcxbv with mobile,iphone,iphonenew,web,mobile_sd,tablet_sd,thumbsource for 0_l2u33qjl
 Check for FlavorParamID 978521 = web,mbr,dash,tablet_hd,web_hd,tv_hd,sstv_hd,dashtv_hd,hlstv_hd,thumbsource,mobile_hd
 Updated 0_uhb8loyt with web,mbr,dash,tablet_hd,web_hd,tv_hd,sstv_hd,dashtv_hd,hlstv_hd,thumbsource,mobile_hd for 0_l2u33qjl
 Check for FlavorParamID 978531 = web,mbr,dash,web_hd,tv_hd,hlstv_hd,dashtv_hd,thumbsource,tablet_hd
 Updated 0_bebd5gpw with web,mbr,dash,web_hd,tv_hd,hlstv_hd,dashtv_hd,thumbsource,tablet_hd for 0_l2u33qjl
 Finished Operating  0_l2u33qjl 
 Getting flavorAssets for 0_lnnck4lh
 Check for FlavorParamID 978471 = mobile,iphone,iphonenew,web,mobile_sd,tablet_sd,thumbsource
 Updated 0_d066ocw1 with mobile,iphone,iphonenew,web,mobile_sd,tablet_sd,thumbsource for 0_lnnck4lh
 Check for FlavorParamID 978521 = web,mbr,dash,tablet_hd,web_hd,tv_hd,sstv_hd,dashtv_hd,hlstv_hd,thumbsource,mobile_hd
 Updated 0_q9mvhhuc with web,mbr,dash,tablet_hd,web_hd,tv_hd,sstv_hd,dashtv_hd,hlstv_hd,thumbsource,mobile_hd for 0_lnnck4lh
 Check for FlavorParamID 978531 = web,mbr,dash,web_hd,tv_hd,hlstv_hd,dashtv_hd,thumbsource,tablet_hd
 Updated 0_4bq0thp8 with web,mbr,dash,web_hd,tv_hd,hlstv_hd,dashtv_hd,thumbsource,tablet_hd for 0_lnnck4lh
 Finished Operating  0_lnnck4lh 
 Getting flavorAssets for 0_lqxyrpez
 Check for FlavorParamID 978471 = mobile,iphone,iphonenew,web,mobile_sd,tablet_sd,thumbsource
 Updated 0_0o219p0i with mobile,iphone,iphonenew,web,mobile_sd,tablet_sd,thumbsource for 0_lqxyrpez
 Check for FlavorParamID 978521 = web,mbr,dash,tablet_hd,web_hd,tv_hd,sstv_hd,dashtv_hd,hlstv_hd,thumbsource,mobile_hd
 Updated 0_k62o2xbs with web,mbr,dash,tablet_hd,web_hd,tv_hd,sstv_hd,dashtv_hd,hlstv_hd,thumbsource,mobile_hd for 0_lqxyrpez
 Check for FlavorParamID 978531 = web,mbr,dash,web_hd,tv_hd,hlstv_hd,dashtv_hd,thumbsource,tablet_hd
 Updated 0_711utu2e with web,mbr,dash,web_hd,tv_hd,hlstv_hd,dashtv_hd,thumbsource,tablet_hd for 0_lqxyrpez
 Finished Operating  0_lqxyrpez 
 Getting flavorAssets for 0_m6tjljex
 Check for FlavorParamID 978471 = mobile,iphone,iphonenew,web,mobile_sd,tablet_sd,thumbsource
 Updated 0_lnt9xc26 with mobile,iphone,iphonenew,web,mobile_sd,tablet_sd,thumbsource for 0_m6tjljex
 Check for FlavorParamID 978521 = web,mbr,dash,tablet_hd,web_hd,tv_hd,sstv_hd,dashtv_hd,hlstv_hd,thumbsource,mobile_hd
 Updated 0_dyrauq4r with web,mbr,dash,tablet_hd,web_hd,tv_hd,sstv_hd,dashtv_hd,hlstv_hd,thumbsource,mobile_hd for 0_m6tjljex
 Check for FlavorParamID 978531 = web,mbr,dash,web_hd,tv_hd,hlstv_hd,dashtv_hd,thumbsource,tablet_hd
 Updated 0_cbgusuz6 with web,mbr,dash,web_hd,tv_hd,hlstv_hd,dashtv_hd,thumbsource,tablet_hd for 0_m6tjljex
 Finished Operating  0_m6tjljex 
 Getting flavorAssets for 0_mj61enxz
 Check for FlavorParamID 978471 = mobile,iphone,iphonenew,web,mobile_sd,tablet_sd,thumbsource
 Updated 0_a6y6j611 with mobile,iphone,iphonenew,web,mobile_sd,tablet_sd,thumbsource for 0_mj61enxz
 Check for FlavorParamID 978521 = web,mbr,dash,tablet_hd,web_hd,tv_hd,sstv_hd,dashtv_hd,hlstv_hd,thumbsource,mobile_hd
 Updated 0_e10amlqz with web,mbr,dash,tablet_hd,web_hd,tv_hd,sstv_hd,dashtv_hd,hlstv_hd,thumbsource,mobile_hd for 0_mj61enxz
 Check for FlavorParamID 978531 = web,mbr,dash,web_hd,tv_hd,hlstv_hd,dashtv_hd,thumbsource,tablet_hd
 Updated 0_qa6oxyw9 with web,mbr,dash,web_hd,tv_hd,hlstv_hd,dashtv_hd,thumbsource,tablet_hd for 0_mj61enxz
 Finished Operating  0_mj61enxz 
 Getting flavorAssets for 0_mtyuzzvu
 Check for FlavorParamID 978471 = mobile,iphone,iphonenew,web,mobile_sd,tablet_sd,thumbsource
 Updated 0_ybsodmwg with mobile,iphone,iphonenew,web,mobile_sd,tablet_sd,thumbsource for 0_mtyuzzvu
 Check for FlavorParamID 978521 = web,mbr,dash,tablet_hd,web_hd,tv_hd,sstv_hd,dashtv_hd,hlstv_hd,thumbsource,mobile_hd
 Updated 0_jz0ugl8d with web,mbr,dash,tablet_hd,web_hd,tv_hd,sstv_hd,dashtv_hd,hlstv_hd,thumbsource,mobile_hd for 0_mtyuzzvu
 Check for FlavorParamID 978531 = web,mbr,dash,web_hd,tv_hd,hlstv_hd,dashtv_hd,thumbsource,tablet_hd
 Updated 0_98a0lh4f with web,mbr,dash,web_hd,tv_hd,hlstv_hd,dashtv_hd,thumbsource,tablet_hd for 0_mtyuzzvu
 Finished Operating  0_mtyuzzvu 
 Getting flavorAssets for 0_nh2c84qo
 Check for FlavorParamID 978471 = mobile,iphone,iphonenew,web,mobile_sd,tablet_sd,thumbsource
 Updated 0_bzibzx0x with mobile,iphone,iphonenew,web,mobile_sd,tablet_sd,thumbsource for 0_nh2c84qo
 Check for FlavorParamID 978521 = web,mbr,dash,tablet_hd,web_hd,tv_hd,sstv_hd,dashtv_hd,hlstv_hd,thumbsource,mobile_hd
 Updated 0_1oaxiv3n with web,mbr,dash,tablet_hd,web_hd,tv_hd,sstv_hd,dashtv_hd,hlstv_hd,thumbsource,mobile_hd for 0_nh2c84qo
 Check for FlavorParamID 978531 = web,mbr,dash,web_hd,tv_hd,hlstv_hd,dashtv_hd,thumbsource,tablet_hd
 Updated 0_bgp00f4c with web,mbr,dash,web_hd,tv_hd,hlstv_hd,dashtv_hd,thumbsource,tablet_hd for 0_nh2c84qo
 Finished Operating  0_nh2c84qo 
 Getting flavorAssets for 0_nhuoh544
 Check for FlavorParamID 978471 = mobile,iphone,iphonenew,web,mobile_sd,tablet_sd,thumbsource
 Updated 0_6tyuxwkk with mobile,iphone,iphonenew,web,mobile_sd,tablet_sd,thumbsource for 0_nhuoh544
 Check for FlavorParamID 978521 = web,mbr,dash,tablet_hd,web_hd,tv_hd,sstv_hd,dashtv_hd,hlstv_hd,thumbsource,mobile_hd
 Updated 0_9jpmkub0 with web,mbr,dash,tablet_hd,web_hd,tv_hd,sstv_hd,dashtv_hd,hlstv_hd,thumbsource,mobile_hd for 0_nhuoh544
 Check for FlavorParamID 978531 = web,mbr,dash,web_hd,tv_hd,hlstv_hd,dashtv_hd,thumbsource,tablet_hd
 Updated 0_3ct6zshv with web,mbr,dash,web_hd,tv_hd,hlstv_hd,dashtv_hd,thumbsource,tablet_hd for 0_nhuoh544
 Finished Operating  0_nhuoh544 
 Getting flavorAssets for 0_ok3dxylh
 Check for FlavorParamID 978471 = mobile,iphone,iphonenew,web,mobile_sd,tablet_sd,thumbsource
 Updated 0_haovh97k with mobile,iphone,iphonenew,web,mobile_sd,tablet_sd,thumbsource for 0_ok3dxylh
 Check for FlavorParamID 978521 = web,mbr,dash,tablet_hd,web_hd,tv_hd,sstv_hd,dashtv_hd,hlstv_hd,thumbsource,mobile_hd
 Updated 0_qethxcyt with web,mbr,dash,tablet_hd,web_hd,tv_hd,sstv_hd,dashtv_hd,hlstv_hd,thumbsource,mobile_hd for 0_ok3dxylh
 Check for FlavorParamID 978531 = web,mbr,dash,web_hd,tv_hd,hlstv_hd,dashtv_hd,thumbsource,tablet_hd
 Updated 0_r3es9kc3 with web,mbr,dash,web_hd,tv_hd,hlstv_hd,dashtv_hd,thumbsource,tablet_hd for 0_ok3dxylh
 Finished Operating  0_ok3dxylh 
 Getting flavorAssets for 0_p8rw2gfd
 Check for FlavorParamID 978471 = mobile,iphone,iphonenew,web,mobile_sd,tablet_sd,thumbsource
 Updated 0_nawovfx1 with mobile,iphone,iphonenew,web,mobile_sd,tablet_sd,thumbsource for 0_p8rw2gfd
 Check for FlavorParamID 978521 = web,mbr,dash,tablet_hd,web_hd,tv_hd,sstv_hd,dashtv_hd,hlstv_hd,thumbsource,mobile_hd
 Updated 0_7908jwxy with web,mbr,dash,tablet_hd,web_hd,tv_hd,sstv_hd,dashtv_hd,hlstv_hd,thumbsource,mobile_hd for 0_p8rw2gfd
 Check for FlavorParamID 978531 = web,mbr,dash,web_hd,tv_hd,hlstv_hd,dashtv_hd,thumbsource,tablet_hd
 Updated 0_w572alpp with web,mbr,dash,web_hd,tv_hd,hlstv_hd,dashtv_hd,thumbsource,tablet_hd for 0_p8rw2gfd
 Finished Operating  0_p8rw2gfd 
 Getting flavorAssets for 0_pmqzl4t2
 Check for FlavorParamID 978471 = mobile,iphone,iphonenew,web,mobile_sd,tablet_sd,thumbsource
 Updated 0_5xtkinav with mobile,iphone,iphonenew,web,mobile_sd,tablet_sd,thumbsource for 0_pmqzl4t2
 Check for FlavorParamID 978521 = web,mbr,dash,tablet_hd,web_hd,tv_hd,sstv_hd,dashtv_hd,hlstv_hd,thumbsource,mobile_hd
 Updated 0_d9p2pigr with web,mbr,dash,tablet_hd,web_hd,tv_hd,sstv_hd,dashtv_hd,hlstv_hd,thumbsource,mobile_hd for 0_pmqzl4t2
 Check for FlavorParamID 978531 = web,mbr,dash,web_hd,tv_hd,hlstv_hd,dashtv_hd,thumbsource,tablet_hd
 Updated 0_dhs9lpu7 with web,mbr,dash,web_hd,tv_hd,hlstv_hd,dashtv_hd,thumbsource,tablet_hd for 0_pmqzl4t2
 Finished Operating  0_pmqzl4t2 
 Getting flavorAssets for 0_pypvp4i2
 Check for FlavorParamID 978471 = mobile,iphone,iphonenew,web,mobile_sd,tablet_sd,thumbsource
 Updated 0_eytpedlq with mobile,iphone,iphonenew,web,mobile_sd,tablet_sd,thumbsource for 0_pypvp4i2
 Check for FlavorParamID 978521 = web,mbr,dash,tablet_hd,web_hd,tv_hd,sstv_hd,dashtv_hd,hlstv_hd,thumbsource,mobile_hd
 Updated 0_lujx83t8 with web,mbr,dash,tablet_hd,web_hd,tv_hd,sstv_hd,dashtv_hd,hlstv_hd,thumbsource,mobile_hd for 0_pypvp4i2
 Check for FlavorParamID 978531 = web,mbr,dash,web_hd,tv_hd,hlstv_hd,dashtv_hd,thumbsource,tablet_hd
 Updated 0_neoxi3y4 with web,mbr,dash,web_hd,tv_hd,hlstv_hd,dashtv_hd,thumbsource,tablet_hd for 0_pypvp4i2
 Finished Operating  0_pypvp4i2 
 Getting flavorAssets for 0_s0c8xhhu
 Check for FlavorParamID 978471 = mobile,iphone,iphonenew,web,mobile_sd,tablet_sd,thumbsource
 Updated 0_weunlinb with mobile,iphone,iphonenew,web,mobile_sd,tablet_sd,thumbsource for 0_s0c8xhhu
 Check for FlavorParamID 978521 = web,mbr,dash,tablet_hd,web_hd,tv_hd,sstv_hd,dashtv_hd,hlstv_hd,thumbsource,mobile_hd
 Updated 0_vn21mpmj with web,mbr,dash,tablet_hd,web_hd,tv_hd,sstv_hd,dashtv_hd,hlstv_hd,thumbsource,mobile_hd for 0_s0c8xhhu
 Check for FlavorParamID 978531 = web,mbr,dash,web_hd,tv_hd,hlstv_hd,dashtv_hd,thumbsource,tablet_hd
 Updated 0_h91mhv9s with web,mbr,dash,web_hd,tv_hd,hlstv_hd,dashtv_hd,thumbsource,tablet_hd for 0_s0c8xhhu
 Finished Operating  0_s0c8xhhu 
 Getting flavorAssets for 0_skmzaxcb
 Check for FlavorParamID 978471 = mobile,iphone,iphonenew,web,mobile_sd,tablet_sd,thumbsource
 Updated 0_6ob57wr5 with mobile,iphone,iphonenew,web,mobile_sd,tablet_sd,thumbsource for 0_skmzaxcb
 Check for FlavorParamID 978521 = web,mbr,dash,tablet_hd,web_hd,tv_hd,sstv_hd,dashtv_hd,hlstv_hd,thumbsource,mobile_hd
 Check for FlavorParamID 978531 = web,mbr,dash,web_hd,tv_hd,hlstv_hd,dashtv_hd,thumbsource,tablet_hd
 Finished Operating  0_skmzaxcb 
 Getting flavorAssets for 0_sua8nrif
 Check for FlavorParamID 978471 = mobile,iphone,iphonenew,web,mobile_sd,tablet_sd,thumbsource
 Updated 0_1abaes45 with mobile,iphone,iphonenew,web,mobile_sd,tablet_sd,thumbsource for 0_sua8nrif
 Check for FlavorParamID 978521 = web,mbr,dash,tablet_hd,web_hd,tv_hd,sstv_hd,dashtv_hd,hlstv_hd,thumbsource,mobile_hd
 Updated 0_rbh25kak with web,mbr,dash,tablet_hd,web_hd,tv_hd,sstv_hd,dashtv_hd,hlstv_hd,thumbsource,mobile_hd for 0_sua8nrif
 Check for FlavorParamID 978531 = web,mbr,dash,web_hd,tv_hd,hlstv_hd,dashtv_hd,thumbsource,tablet_hd
 Updated 0_wjo1l7p2 with web,mbr,dash,web_hd,tv_hd,hlstv_hd,dashtv_hd,thumbsource,tablet_hd for 0_sua8nrif
 Finished Operating  0_sua8nrif 
 Getting flavorAssets for 0_te1pnauo
 Check for FlavorParamID 978471 = mobile,iphone,iphonenew,web,mobile_sd,tablet_sd,thumbsource
 Updated 0_wtcohyu6 with mobile,iphone,iphonenew,web,mobile_sd,tablet_sd,thumbsource for 0_te1pnauo
 Check for FlavorParamID 978521 = web,mbr,dash,tablet_hd,web_hd,tv_hd,sstv_hd,dashtv_hd,hlstv_hd,thumbsource,mobile_hd
 Updated 0_y5i4nx3m with web,mbr,dash,tablet_hd,web_hd,tv_hd,sstv_hd,dashtv_hd,hlstv_hd,thumbsource,mobile_hd for 0_te1pnauo
 Check for FlavorParamID 978531 = web,mbr,dash,web_hd,tv_hd,hlstv_hd,dashtv_hd,thumbsource,tablet_hd
 Updated 0_7p75rqmx with web,mbr,dash,web_hd,tv_hd,hlstv_hd,dashtv_hd,thumbsource,tablet_hd for 0_te1pnauo
 Finished Operating  0_te1pnauo 
 Getting flavorAssets for 0_tk7vezhp
 Check for FlavorParamID 978471 = mobile,iphone,iphonenew,web,mobile_sd,tablet_sd,thumbsource
 Updated 0_aa1xx5te with mobile,iphone,iphonenew,web,mobile_sd,tablet_sd,thumbsource for 0_tk7vezhp
 Check for FlavorParamID 978521 = web,mbr,dash,tablet_hd,web_hd,tv_hd,sstv_hd,dashtv_hd,hlstv_hd,thumbsource,mobile_hd
 Updated 0_w6rfgxo9 with web,mbr,dash,tablet_hd,web_hd,tv_hd,sstv_hd,dashtv_hd,hlstv_hd,thumbsource,mobile_hd for 0_tk7vezhp
 Check for FlavorParamID 978531 = web,mbr,dash,web_hd,tv_hd,hlstv_hd,dashtv_hd,thumbsource,tablet_hd
 Updated 0_zj7soi84 with web,mbr,dash,web_hd,tv_hd,hlstv_hd,dashtv_hd,thumbsource,tablet_hd for 0_tk7vezhp
 Finished Operating  0_tk7vezhp 
 Getting flavorAssets for 0_u224klap
 Check for FlavorParamID 978471 = mobile,iphone,iphonenew,web,mobile_sd,tablet_sd,thumbsource
 Updated 0_myq7amoq with mobile,iphone,iphonenew,web,mobile_sd,tablet_sd,thumbsource for 0_u224klap
 Check for FlavorParamID 978521 = web,mbr,dash,tablet_hd,web_hd,tv_hd,sstv_hd,dashtv_hd,hlstv_hd,thumbsource,mobile_hd
 Updated 0_7ar7avf6 with web,mbr,dash,tablet_hd,web_hd,tv_hd,sstv_hd,dashtv_hd,hlstv_hd,thumbsource,mobile_hd for 0_u224klap
 Check for FlavorParamID 978531 = web,mbr,dash,web_hd,tv_hd,hlstv_hd,dashtv_hd,thumbsource,tablet_hd
 Updated 0_8bqjc4gu with web,mbr,dash,web_hd,tv_hd,hlstv_hd,dashtv_hd,thumbsource,tablet_hd for 0_u224klap
 Finished Operating  0_u224klap 
 Getting flavorAssets for 0_u2tddeeu
 Check for FlavorParamID 978471 = mobile,iphone,iphonenew,web,mobile_sd,tablet_sd,thumbsource
 Updated 0_6zdc3l34 with mobile,iphone,iphonenew,web,mobile_sd,tablet_sd,thumbsource for 0_u2tddeeu
 Check for FlavorParamID 978521 = web,mbr,dash,tablet_hd,web_hd,tv_hd,sstv_hd,dashtv_hd,hlstv_hd,thumbsource,mobile_hd
 Updated 0_8shp9jut with web,mbr,dash,tablet_hd,web_hd,tv_hd,sstv_hd,dashtv_hd,hlstv_hd,thumbsource,mobile_hd for 0_u2tddeeu
 Check for FlavorParamID 978531 = web,mbr,dash,web_hd,tv_hd,hlstv_hd,dashtv_hd,thumbsource,tablet_hd
 Updated 0_jm4832ai with web,mbr,dash,web_hd,tv_hd,hlstv_hd,dashtv_hd,thumbsource,tablet_hd for 0_u2tddeeu
 Finished Operating  0_u2tddeeu 
 Getting flavorAssets for 0_u6g0s4cl
 Check for FlavorParamID 978471 = mobile,iphone,iphonenew,web,mobile_sd,tablet_sd,thumbsource
 Updated 0_pwj01brb with mobile,iphone,iphonenew,web,mobile_sd,tablet_sd,thumbsource for 0_u6g0s4cl
 Check for FlavorParamID 978521 = web,mbr,dash,tablet_hd,web_hd,tv_hd,sstv_hd,dashtv_hd,hlstv_hd,thumbsource,mobile_hd
 Updated 0_rqy3t2c8 with web,mbr,dash,tablet_hd,web_hd,tv_hd,sstv_hd,dashtv_hd,hlstv_hd,thumbsource,mobile_hd for 0_u6g0s4cl
 Check for FlavorParamID 978531 = web,mbr,dash,web_hd,tv_hd,hlstv_hd,dashtv_hd,thumbsource,tablet_hd
 Updated 0_uoet8pjv with web,mbr,dash,web_hd,tv_hd,hlstv_hd,dashtv_hd,thumbsource,tablet_hd for 0_u6g0s4cl
 Finished Operating  0_u6g0s4cl 
 Getting flavorAssets for 0_uumbkcmo
 Check for FlavorParamID 978471 = mobile,iphone,iphonenew,web,mobile_sd,tablet_sd,thumbsource
 Updated 0_0voslddv with mobile,iphone,iphonenew,web,mobile_sd,tablet_sd,thumbsource for 0_uumbkcmo
 Check for FlavorParamID 978521 = web,mbr,dash,tablet_hd,web_hd,tv_hd,sstv_hd,dashtv_hd,hlstv_hd,thumbsource,mobile_hd
 Updated 0_kfresz1c with web,mbr,dash,tablet_hd,web_hd,tv_hd,sstv_hd,dashtv_hd,hlstv_hd,thumbsource,mobile_hd for 0_uumbkcmo
 Check for FlavorParamID 978531 = web,mbr,dash,web_hd,tv_hd,hlstv_hd,dashtv_hd,thumbsource,tablet_hd
 Updated 0_r04xth2w with web,mbr,dash,web_hd,tv_hd,hlstv_hd,dashtv_hd,thumbsource,tablet_hd for 0_uumbkcmo
 Finished Operating  0_uumbkcmo 
 Getting flavorAssets for 0_uwv9i2k7
 Check for FlavorParamID 978471 = mobile,iphone,iphonenew,web,mobile_sd,tablet_sd,thumbsource
 Updated 0_2mge6q6i with mobile,iphone,iphonenew,web,mobile_sd,tablet_sd,thumbsource for 0_uwv9i2k7
 Check for FlavorParamID 978521 = web,mbr,dash,tablet_hd,web_hd,tv_hd,sstv_hd,dashtv_hd,hlstv_hd,thumbsource,mobile_hd
 Updated 0_q0oquk9n with web,mbr,dash,tablet_hd,web_hd,tv_hd,sstv_hd,dashtv_hd,hlstv_hd,thumbsource,mobile_hd for 0_uwv9i2k7
 Check for FlavorParamID 978531 = web,mbr,dash,web_hd,tv_hd,hlstv_hd,dashtv_hd,thumbsource,tablet_hd
 Updated 0_rlrijmji with web,mbr,dash,web_hd,tv_hd,hlstv_hd,dashtv_hd,thumbsource,tablet_hd for 0_uwv9i2k7
 Finished Operating  0_uwv9i2k7 
 Getting flavorAssets for 0_v68njwwg
 Check for FlavorParamID 978471 = mobile,iphone,iphonenew,web,mobile_sd,tablet_sd,thumbsource
 Updated 0_8t38zprl with mobile,iphone,iphonenew,web,mobile_sd,tablet_sd,thumbsource for 0_v68njwwg
 Check for FlavorParamID 978521 = web,mbr,dash,tablet_hd,web_hd,tv_hd,sstv_hd,dashtv_hd,hlstv_hd,thumbsource,mobile_hd
 Updated 0_vzs7ribr with web,mbr,dash,tablet_hd,web_hd,tv_hd,sstv_hd,dashtv_hd,hlstv_hd,thumbsource,mobile_hd for 0_v68njwwg
 Check for FlavorParamID 978531 = web,mbr,dash,web_hd,tv_hd,hlstv_hd,dashtv_hd,thumbsource,tablet_hd
 Updated 0_pif1xqk0 with web,mbr,dash,web_hd,tv_hd,hlstv_hd,dashtv_hd,thumbsource,tablet_hd for 0_v68njwwg
 Finished Operating  0_v68njwwg 
 Getting flavorAssets for 0_vor0n4b6
 Check for FlavorParamID 978471 = mobile,iphone,iphonenew,web,mobile_sd,tablet_sd,thumbsource
 Updated 0_ncm2vrng with mobile,iphone,iphonenew,web,mobile_sd,tablet_sd,thumbsource for 0_vor0n4b6
 Check for FlavorParamID 978521 = web,mbr,dash,tablet_hd,web_hd,tv_hd,sstv_hd,dashtv_hd,hlstv_hd,thumbsource,mobile_hd
 Updated 0_6rjpe1ec with web,mbr,dash,tablet_hd,web_hd,tv_hd,sstv_hd,dashtv_hd,hlstv_hd,thumbsource,mobile_hd for 0_vor0n4b6
 Check for FlavorParamID 978531 = web,mbr,dash,web_hd,tv_hd,hlstv_hd,dashtv_hd,thumbsource,tablet_hd
 Updated 0_lerqlvgm with web,mbr,dash,web_hd,tv_hd,hlstv_hd,dashtv_hd,thumbsource,tablet_hd for 0_vor0n4b6
 Finished Operating  0_vor0n4b6 
 Getting flavorAssets for 0_vq83uhes
 Check for FlavorParamID 978471 = mobile,iphone,iphonenew,web,mobile_sd,tablet_sd,thumbsource
 Updated 0_51ouszm8 with mobile,iphone,iphonenew,web,mobile_sd,tablet_sd,thumbsource for 0_vq83uhes
 Check for FlavorParamID 978521 = web,mbr,dash,tablet_hd,web_hd,tv_hd,sstv_hd,dashtv_hd,hlstv_hd,thumbsource,mobile_hd
 Updated 0_he3kmxyu with web,mbr,dash,tablet_hd,web_hd,tv_hd,sstv_hd,dashtv_hd,hlstv_hd,thumbsource,mobile_hd for 0_vq83uhes
 Check for FlavorParamID 978531 = web,mbr,dash,web_hd,tv_hd,hlstv_hd,dashtv_hd,thumbsource,tablet_hd
 Updated 0_eenwtj12 with web,mbr,dash,web_hd,tv_hd,hlstv_hd,dashtv_hd,thumbsource,tablet_hd for 0_vq83uhes
 Finished Operating  0_vq83uhes 
 Getting flavorAssets for 0_vuvyom45
 Check for FlavorParamID 978471 = mobile,iphone,iphonenew,web,mobile_sd,tablet_sd,thumbsource
 Updated 0_g4qxjf1c with mobile,iphone,iphonenew,web,mobile_sd,tablet_sd,thumbsource for 0_vuvyom45
 Check for FlavorParamID 978521 = web,mbr,dash,tablet_hd,web_hd,tv_hd,sstv_hd,dashtv_hd,hlstv_hd,thumbsource,mobile_hd
 Updated 0_5c1832cm with web,mbr,dash,tablet_hd,web_hd,tv_hd,sstv_hd,dashtv_hd,hlstv_hd,thumbsource,mobile_hd for 0_vuvyom45
 Check for FlavorParamID 978531 = web,mbr,dash,web_hd,tv_hd,hlstv_hd,dashtv_hd,thumbsource,tablet_hd
 Updated 0_c0rw0dci with web,mbr,dash,web_hd,tv_hd,hlstv_hd,dashtv_hd,thumbsource,tablet_hd for 0_vuvyom45
 Finished Operating  0_vuvyom45 
 Getting flavorAssets for 0_vy6sjv2z
 Check for FlavorParamID 978471 = mobile,iphone,iphonenew,web,mobile_sd,tablet_sd,thumbsource
 Updated 0_a1i2bahr with mobile,iphone,iphonenew,web,mobile_sd,tablet_sd,thumbsource for 0_vy6sjv2z
 Check for FlavorParamID 978521 = web,mbr,dash,tablet_hd,web_hd,tv_hd,sstv_hd,dashtv_hd,hlstv_hd,thumbsource,mobile_hd
 Updated 0_u0s1pqxr with web,mbr,dash,tablet_hd,web_hd,tv_hd,sstv_hd,dashtv_hd,hlstv_hd,thumbsource,mobile_hd for 0_vy6sjv2z
 Check for FlavorParamID 978531 = web,mbr,dash,web_hd,tv_hd,hlstv_hd,dashtv_hd,thumbsource,tablet_hd
 Updated 0_ii183vlk with web,mbr,dash,web_hd,tv_hd,hlstv_hd,dashtv_hd,thumbsource,tablet_hd for 0_vy6sjv2z
 Finished Operating  0_vy6sjv2z 
 Getting flavorAssets for 0_wcxtorit
 Check for FlavorParamID 978471 = mobile,iphone,iphonenew,web,mobile_sd,tablet_sd,thumbsource
 Updated 0_svxanarl with mobile,iphone,iphonenew,web,mobile_sd,tablet_sd,thumbsource for 0_wcxtorit
 Check for FlavorParamID 978521 = web,mbr,dash,tablet_hd,web_hd,tv_hd,sstv_hd,dashtv_hd,hlstv_hd,thumbsource,mobile_hd
 Updated 0_c6x6c9qx with web,mbr,dash,tablet_hd,web_hd,tv_hd,sstv_hd,dashtv_hd,hlstv_hd,thumbsource,mobile_hd for 0_wcxtorit
 Check for FlavorParamID 978531 = web,mbr,dash,web_hd,tv_hd,hlstv_hd,dashtv_hd,thumbsource,tablet_hd
 Updated 0_k3bmcg8o with web,mbr,dash,web_hd,tv_hd,hlstv_hd,dashtv_hd,thumbsource,tablet_hd for 0_wcxtorit
 Finished Operating  0_wcxtorit 
 Getting flavorAssets for 0_with8iq3
 Check for FlavorParamID 978471 = mobile,iphone,iphonenew,web,mobile_sd,tablet_sd,thumbsource
 Updated 0_7o2obhvc with mobile,iphone,iphonenew,web,mobile_sd,tablet_sd,thumbsource for 0_with8iq3
 Check for FlavorParamID 978521 = web,mbr,dash,tablet_hd,web_hd,tv_hd,sstv_hd,dashtv_hd,hlstv_hd,thumbsource,mobile_hd
 Updated 0_uusynqf0 with web,mbr,dash,tablet_hd,web_hd,tv_hd,sstv_hd,dashtv_hd,hlstv_hd,thumbsource,mobile_hd for 0_with8iq3
 Check for FlavorParamID 978531 = web,mbr,dash,web_hd,tv_hd,hlstv_hd,dashtv_hd,thumbsource,tablet_hd
 Updated 0_bzsggjlu with web,mbr,dash,web_hd,tv_hd,hlstv_hd,dashtv_hd,thumbsource,tablet_hd for 0_with8iq3
 Finished Operating  0_with8iq3 
 Getting flavorAssets for 0_wnbmqh5m
 Check for FlavorParamID 978471 = mobile,iphone,iphonenew,web,mobile_sd,tablet_sd,thumbsource
 Updated 0_dptnbh00 with mobile,iphone,iphonenew,web,mobile_sd,tablet_sd,thumbsource for 0_wnbmqh5m
 Check for FlavorParamID 978521 = web,mbr,dash,tablet_hd,web_hd,tv_hd,sstv_hd,dashtv_hd,hlstv_hd,thumbsource,mobile_hd
 Updated 0_uln27vqq with web,mbr,dash,tablet_hd,web_hd,tv_hd,sstv_hd,dashtv_hd,hlstv_hd,thumbsource,mobile_hd for 0_wnbmqh5m
 Check for FlavorParamID 978531 = web,mbr,dash,web_hd,tv_hd,hlstv_hd,dashtv_hd,thumbsource,tablet_hd
 Updated 0_k99lvn3t with web,mbr,dash,web_hd,tv_hd,hlstv_hd,dashtv_hd,thumbsource,tablet_hd for 0_wnbmqh5m
 Finished Operating  0_wnbmqh5m 
 Getting flavorAssets for 0_wvt1omyi
 Check for FlavorParamID 978471 = mobile,iphone,iphonenew,web,mobile_sd,tablet_sd,thumbsource
 Updated 0_lxv2rebo with mobile,iphone,iphonenew,web,mobile_sd,tablet_sd,thumbsource for 0_wvt1omyi
 Check for FlavorParamID 978521 = web,mbr,dash,tablet_hd,web_hd,tv_hd,sstv_hd,dashtv_hd,hlstv_hd,thumbsource,mobile_hd
 Updated 0_d0dtryo9 with web,mbr,dash,tablet_hd,web_hd,tv_hd,sstv_hd,dashtv_hd,hlstv_hd,thumbsource,mobile_hd for 0_wvt1omyi
 Check for FlavorParamID 978531 = web,mbr,dash,web_hd,tv_hd,hlstv_hd,dashtv_hd,thumbsource,tablet_hd
 Updated 0_zysd8teo with web,mbr,dash,web_hd,tv_hd,hlstv_hd,dashtv_hd,thumbsource,tablet_hd for 0_wvt1omyi
 Finished Operating  0_wvt1omyi 
 Getting flavorAssets for 0_xnk7d5d8
 Check for FlavorParamID 978471 = mobile,iphone,iphonenew,web,mobile_sd,tablet_sd,thumbsource
 Updated 0_cupu6n8y with mobile,iphone,iphonenew,web,mobile_sd,tablet_sd,thumbsource for 0_xnk7d5d8
 Check for FlavorParamID 978521 = web,mbr,dash,tablet_hd,web_hd,tv_hd,sstv_hd,dashtv_hd,hlstv_hd,thumbsource,mobile_hd
 Updated 0_94kw8sok with web,mbr,dash,tablet_hd,web_hd,tv_hd,sstv_hd,dashtv_hd,hlstv_hd,thumbsource,mobile_hd for 0_xnk7d5d8
 Check for FlavorParamID 978531 = web,mbr,dash,web_hd,tv_hd,hlstv_hd,dashtv_hd,thumbsource,tablet_hd
 Updated 0_arehyh9y with web,mbr,dash,web_hd,tv_hd,hlstv_hd,dashtv_hd,thumbsource,tablet_hd for 0_xnk7d5d8
 Finished Operating  0_xnk7d5d8 
 Getting flavorAssets for 0_xqitppyk
 Check for FlavorParamID 978471 = mobile,iphone,iphonenew,web,mobile_sd,tablet_sd,thumbsource
 Updated 0_aebgu980 with mobile,iphone,iphonenew,web,mobile_sd,tablet_sd,thumbsource for 0_xqitppyk
 Check for FlavorParamID 978521 = web,mbr,dash,tablet_hd,web_hd,tv_hd,sstv_hd,dashtv_hd,hlstv_hd,thumbsource,mobile_hd
 Updated 0_jwc9nixs with web,mbr,dash,tablet_hd,web_hd,tv_hd,sstv_hd,dashtv_hd,hlstv_hd,thumbsource,mobile_hd for 0_xqitppyk
 Check for FlavorParamID 978531 = web,mbr,dash,web_hd,tv_hd,hlstv_hd,dashtv_hd,thumbsource,tablet_hd
 Updated 0_zpze501z with web,mbr,dash,web_hd,tv_hd,hlstv_hd,dashtv_hd,thumbsource,tablet_hd for 0_xqitppyk
 Finished Operating  0_xqitppyk 
 Getting flavorAssets for 0_y4b0zf4y
 Check for FlavorParamID 978471 = mobile,iphone,iphonenew,web,mobile_sd,tablet_sd,thumbsource
 Updated 0_tjgnfjkq with mobile,iphone,iphonenew,web,mobile_sd,tablet_sd,thumbsource for 0_y4b0zf4y
 Check for FlavorParamID 978521 = web,mbr,dash,tablet_hd,web_hd,tv_hd,sstv_hd,dashtv_hd,hlstv_hd,thumbsource,mobile_hd
 Updated 0_sk8lzzsv with web,mbr,dash,tablet_hd,web_hd,tv_hd,sstv_hd,dashtv_hd,hlstv_hd,thumbsource,mobile_hd for 0_y4b0zf4y
 Check for FlavorParamID 978531 = web,mbr,dash,web_hd,tv_hd,hlstv_hd,dashtv_hd,thumbsource,tablet_hd
 Updated 0_la21nybk with web,mbr,dash,web_hd,tv_hd,hlstv_hd,dashtv_hd,thumbsource,tablet_hd for 0_y4b0zf4y
 Finished Operating  0_y4b0zf4y 
 Getting flavorAssets for 0_y802rwsf
 Check for FlavorParamID 978471 = mobile,iphone,iphonenew,web,mobile_sd,tablet_sd,thumbsource
 Updated 0_obj31rxs with mobile,iphone,iphonenew,web,mobile_sd,tablet_sd,thumbsource for 0_y802rwsf
 Check for FlavorParamID 978521 = web,mbr,dash,tablet_hd,web_hd,tv_hd,sstv_hd,dashtv_hd,hlstv_hd,thumbsource,mobile_hd
 Updated 0_t9hx3rrl with web,mbr,dash,tablet_hd,web_hd,tv_hd,sstv_hd,dashtv_hd,hlstv_hd,thumbsource,mobile_hd for 0_y802rwsf
 Check for FlavorParamID 978531 = web,mbr,dash,web_hd,tv_hd,hlstv_hd,dashtv_hd,thumbsource,tablet_hd
 Updated 0_tdf0i5ro with web,mbr,dash,web_hd,tv_hd,hlstv_hd,dashtv_hd,thumbsource,tablet_hd for 0_y802rwsf
 Finished Operating  0_y802rwsf 
 Getting flavorAssets for 0_z0nzi30c
 Check for FlavorParamID 978471 = mobile,iphone,iphonenew,web,mobile_sd,tablet_sd,thumbsource
 Updated 0_tdwp4i2v with mobile,iphone,iphonenew,web,mobile_sd,tablet_sd,thumbsource for 0_z0nzi30c
 Check for FlavorParamID 978521 = web,mbr,dash,tablet_hd,web_hd,tv_hd,sstv_hd,dashtv_hd,hlstv_hd,thumbsource,mobile_hd
 Updated 0_hw89pvck with web,mbr,dash,tablet_hd,web_hd,tv_hd,sstv_hd,dashtv_hd,hlstv_hd,thumbsource,mobile_hd for 0_z0nzi30c
 Check for FlavorParamID 978531 = web,mbr,dash,web_hd,tv_hd,hlstv_hd,dashtv_hd,thumbsource,tablet_hd
 Updated 0_89n3y3bt with web,mbr,dash,web_hd,tv_hd,hlstv_hd,dashtv_hd,thumbsource,tablet_hd for 0_z0nzi30c
 Finished Operating  0_z0nzi30c 
Finished Deleting