File exists. Processing now
COUNT = 2
 Updating metadata for 1_nxhoam43|supernatural;fantasy violence|U/A 13+
 Updating entry=1_nxhoam43 with ContentDescriptor=supernatural;fantasy violence and Age=U/A 13+
 Metadata Updated for 1_nxhoam43
 Updating metadata for 1_mqw740ry|Reality TV;Mild Language|U/A 16+
 Updating entry=1_mqw740ry with ContentDescriptor=Reality TV;Mild Language and Age=U/A 16+
 Metadata Updated for 1_mqw740ry
Finished Updating MetadataFile exists. Processing now
COUNT = 2
 Updating metadata for 1_nxhoam43|supernatural;fantasy violence|U/A 13+
 Updating entry=1_nxhoam43 with ContentDescriptor=supernatural;fantasy violence and Age=U/A 13+
 Metadata Updated for 1_nxhoam43
 Updating metadata for 1_mqw740ry|Reality TV;Mild Language|U/A 16+
 Updating entry=1_mqw740ry with ContentDescriptor=Reality TV;Mild Language and Age=U/A 16+
 Metadata Updated for 1_mqw740ry
Finished Updating MetadataFile exists. Processing now
COUNT = 2
 Updating metadata for 1_nxhoam43|supernatural;fantasy violence|U/A 13+
 Updating entry=1_nxhoam43 with ContentDescriptor=supernatural;fantasy violence and Age=U/A 13+
 Metadata Updated for 1_nxhoam43
 Updating metadata for 1_mqw740ry|Reality TV;Mild Language|U/A 16+
 Updating entry=1_mqw740ry with ContentDescriptor=Reality TV;Mild Language and Age=U/A 16+
 Metadata Updated for 1_mqw740ry
Finished Updating MetadataFile exists. Processing now
COUNT = 2
 Updating metadata for 1_nxhoam43|supernatural;fantasy violence|U/A 13+
 Updating entry=1_nxhoam43 with ContentDescriptor=supernatural;fantasy violence and Age=U/A 13+
 Metadata Updated for 1_nxhoam43
 Updating metadata for 1_mqw740ry|Reality TV;Mild Language|U/A 16+
 Updating entry=1_mqw740ry with ContentDescriptor=Reality TV;Mild Language and Age=U/A 16+
 Metadata Updated for 1_mqw740ry
Finished Updating MetadataFile exists. Processing now
COUNT = 2
 Updating metadata for 1_nxhoam43|supernatural;fantasy violence|U/A 13+
 Updating entry=1_nxhoam43 with ContentDescriptor=supernatural;fantasy violence and Age=U/A 13+
 Metadata Updated for 1_nxhoam43
 Updating metadata for 1_mqw740ry|Reality TV;Mild Language|U/A 16+
 Updating entry=1_mqw740ry with ContentDescriptor=Reality TV;Mild Language and Age=U/A 16+
 Metadata Updated for 1_mqw740ry
Finished Updating MetadataFile exists. Processing now
COUNT = 2
 Updating metadata for 1_nxhoam43|supernatural;fantasy violence|U/A 13+
 Updating entry=1_nxhoam43 with ContentDescriptor=supernatural;fantasy violence and Age=U/A 13+
 Metadata Updated for 1_nxhoam43
 Updating metadata for 1_mqw740ry|Reality TV;Mild Language|U/A 16+
 Updating entry=1_mqw740ry with ContentDescriptor=Reality TV;Mild Language and Age=U/A 16+
 Metadata Updated for 1_mqw740ry
Finished Updating MetadataFile exists. Processing now
COUNT = 2
 Updating metadata for 1_nxhoam43|supernatural;fantasy violence|U/A 13+
 Updating entry=1_nxhoam43 with ContentDescriptor=supernatural;fantasy violence and Age=U/A 13+
 Metadata Updated for 1_nxhoam43
 Updating metadata for 1_mqw740ry|Reality TV;Mild Language|U/A 16+
 Updating entry=1_mqw740ry with ContentDescriptor=Reality TV;Mild Language and Age=U/A 16+
 Metadata Updated for 1_mqw740ry
Finished Updating MetadataFile exists. Processing now
COUNT = 2
 Updating metadata for 1_nxhoam43|supernatural;fantasy violence|U/A 13+
 Updating entry=1_nxhoam43 with ContentDescriptor=supernatural;fantasy violence and Age=U/A 13+File exists. Processing now
COUNT = 2
 Updating metadata for 1_nxhoam43|supernatural;fantasy violence|U/A 13+
 Updating entry=1_nxhoam43 with ContentDescriptor=supernatural;fantasy violence and Age=U/A 13+
 Metadata Updated for 1_nxhoam43
 Updating metadata for 1_mqw740ry|Reality TV;Mild Language|U/A 16+
 Updating entry=1_mqw740ry with ContentDescriptor=Reality TV;Mild Language and Age=U/A 16+
 Metadata Updated for 1_mqw740ry
Finished Updating MetadataFile exists. Processing now
COUNT = 2
 Updating metadata for 1_nxhoam43|supernatural;fantasy violence|U/A 13+
 Updating entry=1_nxhoam43 with ContentDescriptor=supernatural;fantasy violence and Age=U/A 13+
 Metadata Updated for 1_nxhoam43
 Updating metadata for 1_mqw740ry|Reality TV;Mild Language|U/A 16+
 Updating entry=1_mqw740ry with ContentDescriptor=Reality TV;Mild Language and Age=U/A 16+
 Metadata Updated for 1_mqw740ry
Finished Updating MetadataFile exists. Processing now
COUNT = 2
 Updating metadata for 1_nxhoam43|supernatural;fantasy violence|U/A 13+
 Updating entry=1_nxhoam43 with ContentDescriptor=supernatural;fantasy violence and Age=U/A 13+
 Metadata Updated for 1_nxhoam43
 Updating metadata for 1_mqw740ry|Reality TV;Mild Language|U/A 16+
 Updating entry=1_mqw740ry with ContentDescriptor=Reality TV;Mild Language and Age=U/A 16+
 Metadata Updated for 1_mqw740ry
Finished Updating MetadataFile exists. Processing now
COUNT = 2
 Updating metadata for 1_nxhoam43|supernatural;fantasy violence|U/A 13+
 Updating entry=1_nxhoam43 with ContentDescriptor=supernatural;fantasy violence and Age=U/A 13+
 Metadata Updated for 1_nxhoam43
 Updating metadata for 1_mqw740ry|Reality TV;Mild Language|U/A 16+
 Updating entry=1_mqw740ry with ContentDescriptor=Reality TV;Mild Language and Age=U/A 16+
 Metadata Updated for 1_mqw740ry
Finished Updating MetadataFile exists. Processing now
COUNT = 2
 Updating metadata for 1_nxhoam43|supernatural;fantasy violence|U/A 13+
 Updating entry=1_nxhoam43 with ContentDescriptor=supernatural;fantasy violence and Age=U/A 13+
 Metadata Updated for 1_nxhoam43
 Updating metadata for 1_mqw740ry|Reality TV;Mild Language|U/A 16+
 Updating entry=1_mqw740ry with ContentDescriptor=Reality TV;Mild Language and Age=U/A 16+
 Metadata Updated for 1_mqw740ry
Finished Updating MetadataFile exists. Processing now
COUNT = 2
 Updating metadata for 1_nxhoam43|supernatural;fantasy violence|U/A 13+
 Updating entry=1_nxhoam43 with ContentDescriptor=supernatural;fantasy violence and Age=U/A 13+
 Metadata Updated for 1_nxhoam43
 Updating metadata for 1_mqw740ry|Reality TV;Mild Language|U/A 16+
 Updating entry=1_mqw740ry with ContentDescriptor=Reality TV;Mild Language and Age=U/A 16+
 Metadata Updated for 1_mqw740ry
Finished Updating Metadata