
Total Count2
Last Run File Doesnt Exist,Please create empty File with the name LastDistributedEntries
Total Count2
Last Run File Doesnt Exist,Please create empty File with the name LastDistributedEntries
Page Number1
Total Count2
Last Distributed File Exists
 Submit Update for 1_oncngcos
 Submit Update for 1_zclq75ar
Page Number1
Total Count2
Last Distributed File Exists
 Submit Update for 1_oncngcos
 Submit Update for 1_zclq75ar
Page Number1
Total Count3
Last Distributed File Exists
 Submit Update for 1_835sq7pg
 Submit Update for 1_oncngcos
 Submit Update for 1_zclq75ar
Page Number1
Total Count3
Last Distributed File Exists
 Submit Update for 1_835sq7pg
 Submit Update for 1_oncngcos
 Submit Update for 1_zclq75ar
Page Number1
Total Count3
Last Distributed File Exists
 Submit Update for 1_835sq7pg
 Submit Update for 1_oncngcos
1_zclq75ar was disrbuted in last run, so skipping it
Page Number1
Total Count3
Last Distributed File Exists
 Submit Update for 1_835sq7pg
1_oncngcos was disrbuted in last run, so skipping it
 Submit Update for 1_zclq75ar
Page Number1
Total Count3
Last Distributed File Exists
 Submit Update for 1_835sq7pg
 Submit Update for 1_oncngcos
 Submit Update for 1_zclq75ar
Page Number1
Total Count3
Last Distributed File Exists
1_835sq7pg was disrbuted in last run, so skipping it
1_oncngcos was disrbuted in last run, so skipping it
1_zclq75ar was disrbuted in last run, so skipping it
Page Number1
Total Count3
Last Distributed File Exists
 Submit Update for 1_835sq7pg
 Submit Update for 1_oncngcos
 Submit Update for 1_zclq75ar
Page Number1 Done
Total Count3
Last Distributed File Exists
1_835sq7pg was disrbuted in last run, so skipping it
1_oncngcos was disrbuted in last run, so skipping it
1_zclq75ar was disrbuted in last run, so skipping it
Page Number1 Done
Total Count3
Last Distributed File Exists
 Submit Update for 1_835sq7pg
 Submit Update for 1_oncngcos
 Submit Update for 1_zclq75ar
Page Number1 Done
Total Count3
Last Distributed File Exists
1_835sq7pg was disrbuted in last run, so skipping it
1_oncngcos was disrbuted in last run, so skipping it
1_zclq75ar was disrbuted in last run, so skipping it
Page Number1 Done
Total Count3
Last Distributed File Exists
 Submit Update for 1_835sq7pg
 Submit Update for 1_oncngcos
 Submit Update for 1_zclq75ar
Page Number1 Done
Total Count3
Last Distributed File Exists
1_835sq7pg was disrbuted in last run, so skipping it
1_oncngcos was disrbuted in last run, so skipping it
1_zclq75ar was disrbuted in last run, so skipping it
Page Number1 Done
Total Count3
Last Distributed File Exists
 Submit Update for 1_835sq7pg
 Submit Update for 1_oncngcos
 Submit Update for 1_zclq75ar
Page Number1 Done
Total Count3
Last Distributed File Exists
1_835sq7pg was disrbuted in last run, so skipping it
1_oncngcos was disrbuted in last run, so skipping it
1_zclq75ar was disrbuted in last run, so skipping it
Page Number1 Done
Total Count3
Last Distributed File Exists
 Submit Update for 1_835sq7pg
 Submit Update for 1_oncngcos
 Submit Update for 1_zclq75ar
Page Number1 Done
Total Count3
Last Distributed File Exists
1_835sq7pg was disrbuted in last run, so skipping it
1_oncngcos was disrbuted in last run, so skipping it
1_zclq75ar was disrbuted in last run, so skipping it
Page Number1 Done
Total Count3
Last Distributed File Exists
 Submit Update for 1_835sq7pg
 Submit Update for 1_oncngcos
 Submit Update for 1_zclq75ar
Page Number1 Done
Total Count3
Last Distributed File Exists
1_835sq7pg was disrbuted in last run, so skipping it
1_oncngcos was disrbuted in last run, so skipping it
1_zclq75ar was disrbuted in last run, so skipping it
Page Number1 Done